[2025-10-11T02:46:26.547+0000] {processor.py:161} INFO - Started process (PID=55) to work on /opt/airflow/dags/main.py
[2025-10-11T02:46:26.550+0000] {processor.py:830} INFO - Processing file /opt/airflow/dags/main.py for tasks to queue
[2025-10-11T02:46:26.555+0000] {logging_mixin.py:188} INFO - [2025-10-11T02:46:26.555+0000] {dagbag.py:545} INFO - Filling up the DagBag from /opt/airflow/dags/main.py
[2025-10-11T02:46:26.841+0000] {processor.py:840} INFO - DAG(s) 'update_db', 'youtube_data_pipeline', 'data_quality' retrieved from /opt/airflow/dags/main.py
[2025-10-11T02:46:27.476+0000] {logging_mixin.py:188} INFO - [2025-10-11T02:46:27.475+0000] {dag.py:3096} INFO - Sync 3 DAGs
[2025-10-11T02:46:27.545+0000] {logging_mixin.py:188} INFO - [2025-10-11T02:46:27.545+0000] {dag.py:3954} INFO - Setting next_dagrun for data_quality to None, run_after=None
[2025-10-11T02:46:27.559+0000] {logging_mixin.py:188} INFO - [2025-10-11T02:46:27.556+0000] {dag.py:3954} INFO - Setting next_dagrun for update_db to None, run_after=None
[2025-10-11T02:46:27.572+0000] {logging_mixin.py:188} INFO - [2025-10-11T02:46:27.571+0000] {dag.py:3954} INFO - Setting next_dagrun for youtube_data_pipeline to 2025-10-10 09:00:00+00:00, run_after=2025-10-11 09:00:00+00:00
[2025-10-11T02:46:27.641+0000] {processor.py:183} INFO - Processing /opt/airflow/dags/main.py took 1.111 seconds
[2025-10-11T02:46:58.018+0000] {processor.py:161} INFO - Started process (PID=62) to work on /opt/airflow/dags/main.py
[2025-10-11T02:46:58.019+0000] {processor.py:830} INFO - Processing file /opt/airflow/dags/main.py for tasks to queue
[2025-10-11T02:46:58.022+0000] {logging_mixin.py:188} INFO - [2025-10-11T02:46:58.022+0000] {dagbag.py:545} INFO - Filling up the DagBag from /opt/airflow/dags/main.py
[2025-10-11T02:46:58.133+0000] {processor.py:840} INFO - DAG(s) 'update_db', 'youtube_data_pipeline', 'data_quality' retrieved from /opt/airflow/dags/main.py
[2025-10-11T02:46:58.178+0000] {logging_mixin.py:188} INFO - [2025-10-11T02:46:58.178+0000] {dag.py:3096} INFO - Sync 3 DAGs
[2025-10-11T02:46:58.214+0000] {logging_mixin.py:188} INFO - [2025-10-11T02:46:58.214+0000] {dag.py:3954} INFO - Setting next_dagrun for data_quality to None, run_after=None
[2025-10-11T02:46:58.221+0000] {logging_mixin.py:188} INFO - [2025-10-11T02:46:58.220+0000] {dag.py:3954} INFO - Setting next_dagrun for update_db to None, run_after=None
[2025-10-11T02:46:58.231+0000] {logging_mixin.py:188} INFO - [2025-10-11T02:46:58.230+0000] {dag.py:3954} INFO - Setting next_dagrun for youtube_data_pipeline to 2025-10-10 09:00:00+00:00, run_after=2025-10-11 09:00:00+00:00
[2025-10-11T02:46:58.265+0000] {processor.py:183} INFO - Processing /opt/airflow/dags/main.py took 0.255 seconds
[2025-10-11T02:47:28.392+0000] {processor.py:161} INFO - Started process (PID=69) to work on /opt/airflow/dags/main.py
[2025-10-11T02:47:28.393+0000] {processor.py:830} INFO - Processing file /opt/airflow/dags/main.py for tasks to queue
[2025-10-11T02:47:28.395+0000] {logging_mixin.py:188} INFO - [2025-10-11T02:47:28.395+0000] {dagbag.py:545} INFO - Filling up the DagBag from /opt/airflow/dags/main.py
[2025-10-11T02:47:28.504+0000] {processor.py:840} INFO - DAG(s) 'youtube_data_pipeline', 'data_quality', 'update_db' retrieved from /opt/airflow/dags/main.py
[2025-10-11T02:47:28.542+0000] {logging_mixin.py:188} INFO - [2025-10-11T02:47:28.541+0000] {dag.py:3096} INFO - Sync 3 DAGs
[2025-10-11T02:47:28.562+0000] {logging_mixin.py:188} INFO - [2025-10-11T02:47:28.562+0000] {dag.py:3954} INFO - Setting next_dagrun for data_quality to None, run_after=None
[2025-10-11T02:47:28.567+0000] {logging_mixin.py:188} INFO - [2025-10-11T02:47:28.567+0000] {dag.py:3954} INFO - Setting next_dagrun for update_db to None, run_after=None
[2025-10-11T02:47:28.571+0000] {logging_mixin.py:188} INFO - [2025-10-11T02:47:28.571+0000] {dag.py:3954} INFO - Setting next_dagrun for youtube_data_pipeline to 2025-10-10 09:00:00+00:00, run_after=2025-10-11 09:00:00+00:00
[2025-10-11T02:47:28.590+0000] {processor.py:183} INFO - Processing /opt/airflow/dags/main.py took 0.207 seconds
[2025-10-11T02:47:58.879+0000] {processor.py:161} INFO - Started process (PID=76) to work on /opt/airflow/dags/main.py
[2025-10-11T02:47:58.881+0000] {processor.py:830} INFO - Processing file /opt/airflow/dags/main.py for tasks to queue
[2025-10-11T02:47:58.883+0000] {logging_mixin.py:188} INFO - [2025-10-11T02:47:58.883+0000] {dagbag.py:545} INFO - Filling up the DagBag from /opt/airflow/dags/main.py
[2025-10-11T02:47:58.977+0000] {processor.py:840} INFO - DAG(s) 'youtube_data_pipeline', 'update_db', 'data_quality' retrieved from /opt/airflow/dags/main.py
[2025-10-11T02:47:59.017+0000] {logging_mixin.py:188} INFO - [2025-10-11T02:47:59.016+0000] {dag.py:3096} INFO - Sync 3 DAGs
[2025-10-11T02:47:59.041+0000] {logging_mixin.py:188} INFO - [2025-10-11T02:47:59.041+0000] {dag.py:3954} INFO - Setting next_dagrun for data_quality to None, run_after=None
[2025-10-11T02:47:59.045+0000] {logging_mixin.py:188} INFO - [2025-10-11T02:47:59.045+0000] {dag.py:3954} INFO - Setting next_dagrun for update_db to None, run_after=None
[2025-10-11T02:47:59.049+0000] {logging_mixin.py:188} INFO - [2025-10-11T02:47:59.049+0000] {dag.py:3954} INFO - Setting next_dagrun for youtube_data_pipeline to 2025-10-10 09:00:00+00:00, run_after=2025-10-11 09:00:00+00:00
[2025-10-11T02:47:59.079+0000] {processor.py:183} INFO - Processing /opt/airflow/dags/main.py took 0.207 seconds
[2025-10-11T02:48:29.278+0000] {processor.py:161} INFO - Started process (PID=83) to work on /opt/airflow/dags/main.py
[2025-10-11T02:48:29.279+0000] {processor.py:830} INFO - Processing file /opt/airflow/dags/main.py for tasks to queue
[2025-10-11T02:48:29.281+0000] {logging_mixin.py:188} INFO - [2025-10-11T02:48:29.281+0000] {dagbag.py:545} INFO - Filling up the DagBag from /opt/airflow/dags/main.py
[2025-10-11T02:48:29.370+0000] {processor.py:840} INFO - DAG(s) 'youtube_data_pipeline', 'data_quality', 'update_db' retrieved from /opt/airflow/dags/main.py
[2025-10-11T02:48:29.406+0000] {logging_mixin.py:188} INFO - [2025-10-11T02:48:29.406+0000] {dag.py:3096} INFO - Sync 3 DAGs
[2025-10-11T02:48:29.429+0000] {logging_mixin.py:188} INFO - [2025-10-11T02:48:29.428+0000] {dag.py:3954} INFO - Setting next_dagrun for data_quality to None, run_after=None
[2025-10-11T02:48:29.432+0000] {logging_mixin.py:188} INFO - [2025-10-11T02:48:29.432+0000] {dag.py:3954} INFO - Setting next_dagrun for update_db to None, run_after=None
[2025-10-11T02:48:29.436+0000] {logging_mixin.py:188} INFO - [2025-10-11T02:48:29.436+0000] {dag.py:3954} INFO - Setting next_dagrun for youtube_data_pipeline to 2025-10-10 09:00:00+00:00, run_after=2025-10-11 09:00:00+00:00
[2025-10-11T02:48:29.465+0000] {processor.py:183} INFO - Processing /opt/airflow/dags/main.py took 0.195 seconds
[2025-10-11T02:48:59.714+0000] {processor.py:161} INFO - Started process (PID=90) to work on /opt/airflow/dags/main.py
[2025-10-11T02:48:59.715+0000] {processor.py:830} INFO - Processing file /opt/airflow/dags/main.py for tasks to queue
[2025-10-11T02:48:59.718+0000] {logging_mixin.py:188} INFO - [2025-10-11T02:48:59.718+0000] {dagbag.py:545} INFO - Filling up the DagBag from /opt/airflow/dags/main.py
[2025-10-11T02:48:59.817+0000] {processor.py:840} INFO - DAG(s) 'youtube_data_pipeline', 'update_db', 'data_quality' retrieved from /opt/airflow/dags/main.py
[2025-10-11T02:48:59.861+0000] {logging_mixin.py:188} INFO - [2025-10-11T02:48:59.860+0000] {dag.py:3096} INFO - Sync 3 DAGs
[2025-10-11T02:48:59.885+0000] {logging_mixin.py:188} INFO - [2025-10-11T02:48:59.884+0000] {dag.py:3954} INFO - Setting next_dagrun for data_quality to None, run_after=None
[2025-10-11T02:48:59.889+0000] {logging_mixin.py:188} INFO - [2025-10-11T02:48:59.888+0000] {dag.py:3954} INFO - Setting next_dagrun for update_db to None, run_after=None
[2025-10-11T02:48:59.893+0000] {logging_mixin.py:188} INFO - [2025-10-11T02:48:59.892+0000] {dag.py:3954} INFO - Setting next_dagrun for youtube_data_pipeline to 2025-10-10 09:00:00+00:00, run_after=2025-10-11 09:00:00+00:00
[2025-10-11T02:48:59.913+0000] {processor.py:183} INFO - Processing /opt/airflow/dags/main.py took 0.209 seconds
[2025-10-11T02:49:30.121+0000] {processor.py:161} INFO - Started process (PID=97) to work on /opt/airflow/dags/main.py
[2025-10-11T02:49:30.123+0000] {processor.py:830} INFO - Processing file /opt/airflow/dags/main.py for tasks to queue
[2025-10-11T02:49:30.128+0000] {logging_mixin.py:188} INFO - [2025-10-11T02:49:30.127+0000] {dagbag.py:545} INFO - Filling up the DagBag from /opt/airflow/dags/main.py
[2025-10-11T02:49:30.267+0000] {processor.py:840} INFO - DAG(s) 'data_quality', 'update_db', 'youtube_data_pipeline' retrieved from /opt/airflow/dags/main.py
[2025-10-11T02:49:30.309+0000] {logging_mixin.py:188} INFO - [2025-10-11T02:49:30.309+0000] {dag.py:3096} INFO - Sync 3 DAGs
[2025-10-11T02:49:30.341+0000] {logging_mixin.py:188} INFO - [2025-10-11T02:49:30.341+0000] {dag.py:3954} INFO - Setting next_dagrun for data_quality to None, run_after=None
[2025-10-11T02:49:30.347+0000] {logging_mixin.py:188} INFO - [2025-10-11T02:49:30.346+0000] {dag.py:3954} INFO - Setting next_dagrun for update_db to None, run_after=None
[2025-10-11T02:49:30.351+0000] {logging_mixin.py:188} INFO - [2025-10-11T02:49:30.350+0000] {dag.py:3954} INFO - Setting next_dagrun for youtube_data_pipeline to 2025-10-10 09:00:00+00:00, run_after=2025-10-11 09:00:00+00:00
[2025-10-11T02:49:30.375+0000] {processor.py:183} INFO - Processing /opt/airflow/dags/main.py took 0.266 seconds
[2025-10-11T02:50:00.527+0000] {processor.py:161} INFO - Started process (PID=104) to work on /opt/airflow/dags/main.py
[2025-10-11T02:50:00.528+0000] {processor.py:830} INFO - Processing file /opt/airflow/dags/main.py for tasks to queue
[2025-10-11T02:50:00.530+0000] {logging_mixin.py:188} INFO - [2025-10-11T02:50:00.530+0000] {dagbag.py:545} INFO - Filling up the DagBag from /opt/airflow/dags/main.py
[2025-10-11T02:50:00.632+0000] {processor.py:840} INFO - DAG(s) 'youtube_data_pipeline', 'data_quality', 'update_db' retrieved from /opt/airflow/dags/main.py
[2025-10-11T02:50:00.666+0000] {logging_mixin.py:188} INFO - [2025-10-11T02:50:00.666+0000] {dag.py:3096} INFO - Sync 3 DAGs
[2025-10-11T02:50:00.690+0000] {logging_mixin.py:188} INFO - [2025-10-11T02:50:00.690+0000] {dag.py:3954} INFO - Setting next_dagrun for data_quality to None, run_after=None
[2025-10-11T02:50:00.694+0000] {logging_mixin.py:188} INFO - [2025-10-11T02:50:00.694+0000] {dag.py:3954} INFO - Setting next_dagrun for update_db to None, run_after=None
[2025-10-11T02:50:00.697+0000] {logging_mixin.py:188} INFO - [2025-10-11T02:50:00.697+0000] {dag.py:3954} INFO - Setting next_dagrun for youtube_data_pipeline to 2025-10-10 09:00:00+00:00, run_after=2025-10-11 09:00:00+00:00
[2025-10-11T02:50:00.716+0000] {processor.py:183} INFO - Processing /opt/airflow/dags/main.py took 0.197 seconds
[2025-10-11T02:50:30.928+0000] {processor.py:161} INFO - Started process (PID=111) to work on /opt/airflow/dags/main.py
[2025-10-11T02:50:30.930+0000] {processor.py:830} INFO - Processing file /opt/airflow/dags/main.py for tasks to queue
[2025-10-11T02:50:30.933+0000] {logging_mixin.py:188} INFO - [2025-10-11T02:50:30.932+0000] {dagbag.py:545} INFO - Filling up the DagBag from /opt/airflow/dags/main.py
[2025-10-11T02:50:31.039+0000] {processor.py:840} INFO - DAG(s) 'data_quality', 'youtube_data_pipeline', 'update_db' retrieved from /opt/airflow/dags/main.py
[2025-10-11T02:50:31.069+0000] {logging_mixin.py:188} INFO - [2025-10-11T02:50:31.069+0000] {dag.py:3096} INFO - Sync 3 DAGs
[2025-10-11T02:50:31.089+0000] {logging_mixin.py:188} INFO - [2025-10-11T02:50:31.089+0000] {dag.py:3954} INFO - Setting next_dagrun for data_quality to None, run_after=None
[2025-10-11T02:50:31.094+0000] {logging_mixin.py:188} INFO - [2025-10-11T02:50:31.094+0000] {dag.py:3954} INFO - Setting next_dagrun for update_db to None, run_after=None
[2025-10-11T02:50:31.097+0000] {logging_mixin.py:188} INFO - [2025-10-11T02:50:31.097+0000] {dag.py:3954} INFO - Setting next_dagrun for youtube_data_pipeline to 2025-10-10 09:00:00+00:00, run_after=2025-10-11 09:00:00+00:00
[2025-10-11T02:50:31.115+0000] {processor.py:183} INFO - Processing /opt/airflow/dags/main.py took 0.196 seconds
[2025-10-11T02:51:01.365+0000] {processor.py:161} INFO - Started process (PID=124) to work on /opt/airflow/dags/main.py
[2025-10-11T02:51:01.366+0000] {processor.py:830} INFO - Processing file /opt/airflow/dags/main.py for tasks to queue
[2025-10-11T02:51:01.369+0000] {logging_mixin.py:188} INFO - [2025-10-11T02:51:01.369+0000] {dagbag.py:545} INFO - Filling up the DagBag from /opt/airflow/dags/main.py
[2025-10-11T02:51:01.491+0000] {processor.py:840} INFO - DAG(s) 'update_db', 'youtube_data_pipeline', 'data_quality' retrieved from /opt/airflow/dags/main.py
[2025-10-11T02:51:01.536+0000] {logging_mixin.py:188} INFO - [2025-10-11T02:51:01.535+0000] {dag.py:3096} INFO - Sync 3 DAGs
[2025-10-11T02:51:01.564+0000] {logging_mixin.py:188} INFO - [2025-10-11T02:51:01.564+0000] {dag.py:3954} INFO - Setting next_dagrun for data_quality to None, run_after=None
[2025-10-11T02:51:01.569+0000] {logging_mixin.py:188} INFO - [2025-10-11T02:51:01.568+0000] {dag.py:3954} INFO - Setting next_dagrun for update_db to None, run_after=None
[2025-10-11T02:51:01.573+0000] {logging_mixin.py:188} INFO - [2025-10-11T02:51:01.573+0000] {dag.py:3954} INFO - Setting next_dagrun for youtube_data_pipeline to 2025-10-10 09:00:00+00:00, run_after=2025-10-11 09:00:00+00:00
[2025-10-11T02:51:01.595+0000] {processor.py:183} INFO - Processing /opt/airflow/dags/main.py took 0.238 seconds
[2025-10-11T02:51:31.971+0000] {processor.py:161} INFO - Started process (PID=131) to work on /opt/airflow/dags/main.py
[2025-10-11T02:51:31.972+0000] {processor.py:830} INFO - Processing file /opt/airflow/dags/main.py for tasks to queue
[2025-10-11T02:51:31.975+0000] {logging_mixin.py:188} INFO - [2025-10-11T02:51:31.974+0000] {dagbag.py:545} INFO - Filling up the DagBag from /opt/airflow/dags/main.py
[2025-10-11T02:51:32.064+0000] {processor.py:840} INFO - DAG(s) 'data_quality', 'update_db', 'youtube_data_pipeline' retrieved from /opt/airflow/dags/main.py
[2025-10-11T02:51:32.095+0000] {logging_mixin.py:188} INFO - [2025-10-11T02:51:32.095+0000] {dag.py:3096} INFO - Sync 3 DAGs
[2025-10-11T02:51:32.117+0000] {logging_mixin.py:188} INFO - [2025-10-11T02:51:32.117+0000] {dag.py:3954} INFO - Setting next_dagrun for data_quality to None, run_after=None
[2025-10-11T02:51:32.121+0000] {logging_mixin.py:188} INFO - [2025-10-11T02:51:32.121+0000] {dag.py:3954} INFO - Setting next_dagrun for update_db to None, run_after=None
[2025-10-11T02:51:32.126+0000] {logging_mixin.py:188} INFO - [2025-10-11T02:51:32.125+0000] {dag.py:3954} INFO - Setting next_dagrun for youtube_data_pipeline to 2025-10-10 09:00:00+00:00, run_after=2025-10-11 09:00:00+00:00
[2025-10-11T02:51:32.146+0000] {processor.py:183} INFO - Processing /opt/airflow/dags/main.py took 0.182 seconds
[2025-10-11T02:52:02.308+0000] {processor.py:161} INFO - Started process (PID=138) to work on /opt/airflow/dags/main.py
[2025-10-11T02:52:02.310+0000] {processor.py:830} INFO - Processing file /opt/airflow/dags/main.py for tasks to queue
[2025-10-11T02:52:02.314+0000] {logging_mixin.py:188} INFO - [2025-10-11T02:52:02.313+0000] {dagbag.py:545} INFO - Filling up the DagBag from /opt/airflow/dags/main.py
[2025-10-11T02:52:02.445+0000] {processor.py:840} INFO - DAG(s) 'data_quality', 'update_db', 'youtube_data_pipeline' retrieved from /opt/airflow/dags/main.py
[2025-10-11T02:52:02.495+0000] {logging_mixin.py:188} INFO - [2025-10-11T02:52:02.495+0000] {dag.py:3096} INFO - Sync 3 DAGs
[2025-10-11T02:52:02.528+0000] {logging_mixin.py:188} INFO - [2025-10-11T02:52:02.527+0000] {dag.py:3954} INFO - Setting next_dagrun for data_quality to None, run_after=None
[2025-10-11T02:52:02.533+0000] {logging_mixin.py:188} INFO - [2025-10-11T02:52:02.533+0000] {dag.py:3954} INFO - Setting next_dagrun for update_db to None, run_after=None
[2025-10-11T02:52:02.538+0000] {logging_mixin.py:188} INFO - [2025-10-11T02:52:02.538+0000] {dag.py:3954} INFO - Setting next_dagrun for youtube_data_pipeline to 2025-10-10 09:00:00+00:00, run_after=2025-10-11 09:00:00+00:00
[2025-10-11T02:52:02.565+0000] {processor.py:183} INFO - Processing /opt/airflow/dags/main.py took 0.268 seconds
[2025-10-11T02:52:32.849+0000] {processor.py:161} INFO - Started process (PID=145) to work on /opt/airflow/dags/main.py
[2025-10-11T02:52:32.851+0000] {processor.py:830} INFO - Processing file /opt/airflow/dags/main.py for tasks to queue
[2025-10-11T02:52:32.854+0000] {logging_mixin.py:188} INFO - [2025-10-11T02:52:32.854+0000] {dagbag.py:545} INFO - Filling up the DagBag from /opt/airflow/dags/main.py
[2025-10-11T02:52:32.966+0000] {processor.py:840} INFO - DAG(s) 'data_quality', 'youtube_data_pipeline', 'update_db' retrieved from /opt/airflow/dags/main.py
[2025-10-11T02:52:33.005+0000] {logging_mixin.py:188} INFO - [2025-10-11T02:52:33.005+0000] {dag.py:3096} INFO - Sync 3 DAGs
[2025-10-11T02:52:33.029+0000] {logging_mixin.py:188} INFO - [2025-10-11T02:52:33.029+0000] {dag.py:3954} INFO - Setting next_dagrun for data_quality to None, run_after=None
[2025-10-11T02:52:33.033+0000] {logging_mixin.py:188} INFO - [2025-10-11T02:52:33.033+0000] {dag.py:3954} INFO - Setting next_dagrun for update_db to None, run_after=None
[2025-10-11T02:52:33.037+0000] {logging_mixin.py:188} INFO - [2025-10-11T02:52:33.037+0000] {dag.py:3954} INFO - Setting next_dagrun for youtube_data_pipeline to 2025-10-10 09:00:00+00:00, run_after=2025-10-11 09:00:00+00:00
[2025-10-11T02:52:33.066+0000] {processor.py:183} INFO - Processing /opt/airflow/dags/main.py took 0.224 seconds
[2025-10-11T02:53:03.204+0000] {processor.py:161} INFO - Started process (PID=152) to work on /opt/airflow/dags/main.py
[2025-10-11T02:53:03.205+0000] {processor.py:830} INFO - Processing file /opt/airflow/dags/main.py for tasks to queue
[2025-10-11T02:53:03.208+0000] {logging_mixin.py:188} INFO - [2025-10-11T02:53:03.207+0000] {dagbag.py:545} INFO - Filling up the DagBag from /opt/airflow/dags/main.py
[2025-10-11T02:53:03.301+0000] {processor.py:840} INFO - DAG(s) 'youtube_data_pipeline', 'update_db', 'data_quality' retrieved from /opt/airflow/dags/main.py
[2025-10-11T02:53:03.338+0000] {logging_mixin.py:188} INFO - [2025-10-11T02:53:03.337+0000] {dag.py:3096} INFO - Sync 3 DAGs
[2025-10-11T02:53:03.360+0000] {logging_mixin.py:188} INFO - [2025-10-11T02:53:03.360+0000] {dag.py:3954} INFO - Setting next_dagrun for data_quality to None, run_after=None
[2025-10-11T02:53:03.364+0000] {logging_mixin.py:188} INFO - [2025-10-11T02:53:03.364+0000] {dag.py:3954} INFO - Setting next_dagrun for update_db to None, run_after=None
[2025-10-11T02:53:03.368+0000] {logging_mixin.py:188} INFO - [2025-10-11T02:53:03.368+0000] {dag.py:3954} INFO - Setting next_dagrun for youtube_data_pipeline to 2025-10-10 09:00:00+00:00, run_after=2025-10-11 09:00:00+00:00
[2025-10-11T02:53:03.389+0000] {processor.py:183} INFO - Processing /opt/airflow/dags/main.py took 0.192 seconds
[2025-10-11T02:53:33.836+0000] {processor.py:161} INFO - Started process (PID=159) to work on /opt/airflow/dags/main.py
[2025-10-11T02:53:33.839+0000] {processor.py:830} INFO - Processing file /opt/airflow/dags/main.py for tasks to queue
[2025-10-11T02:53:33.844+0000] {logging_mixin.py:188} INFO - [2025-10-11T02:53:33.843+0000] {dagbag.py:545} INFO - Filling up the DagBag from /opt/airflow/dags/main.py
[2025-10-11T02:53:34.013+0000] {processor.py:840} INFO - DAG(s) 'update_db', 'youtube_data_pipeline', 'data_quality' retrieved from /opt/airflow/dags/main.py
[2025-10-11T02:53:34.070+0000] {logging_mixin.py:188} INFO - [2025-10-11T02:53:34.070+0000] {dag.py:3096} INFO - Sync 3 DAGs
[2025-10-11T02:53:34.096+0000] {logging_mixin.py:188} INFO - [2025-10-11T02:53:34.096+0000] {dag.py:3954} INFO - Setting next_dagrun for data_quality to None, run_after=None
[2025-10-11T02:53:34.100+0000] {logging_mixin.py:188} INFO - [2025-10-11T02:53:34.100+0000] {dag.py:3954} INFO - Setting next_dagrun for update_db to None, run_after=None
[2025-10-11T02:53:34.104+0000] {logging_mixin.py:188} INFO - [2025-10-11T02:53:34.104+0000] {dag.py:3954} INFO - Setting next_dagrun for youtube_data_pipeline to 2025-10-10 09:00:00+00:00, run_after=2025-10-11 09:00:00+00:00
[2025-10-11T02:53:34.127+0000] {processor.py:183} INFO - Processing /opt/airflow/dags/main.py took 0.306 seconds
[2025-10-11T02:54:04.464+0000] {processor.py:161} INFO - Started process (PID=166) to work on /opt/airflow/dags/main.py
[2025-10-11T02:54:04.465+0000] {processor.py:830} INFO - Processing file /opt/airflow/dags/main.py for tasks to queue
[2025-10-11T02:54:04.468+0000] {logging_mixin.py:188} INFO - [2025-10-11T02:54:04.468+0000] {dagbag.py:545} INFO - Filling up the DagBag from /opt/airflow/dags/main.py
[2025-10-11T02:54:04.588+0000] {processor.py:840} INFO - DAG(s) 'update_db', 'data_quality', 'youtube_data_pipeline' retrieved from /opt/airflow/dags/main.py
[2025-10-11T02:54:04.629+0000] {logging_mixin.py:188} INFO - [2025-10-11T02:54:04.629+0000] {dag.py:3096} INFO - Sync 3 DAGs
[2025-10-11T02:54:04.656+0000] {logging_mixin.py:188} INFO - [2025-10-11T02:54:04.655+0000] {dag.py:3954} INFO - Setting next_dagrun for data_quality to None, run_after=None
[2025-10-11T02:54:04.660+0000] {logging_mixin.py:188} INFO - [2025-10-11T02:54:04.660+0000] {dag.py:3954} INFO - Setting next_dagrun for update_db to None, run_after=None
[2025-10-11T02:54:04.664+0000] {logging_mixin.py:188} INFO - [2025-10-11T02:54:04.663+0000] {dag.py:3954} INFO - Setting next_dagrun for youtube_data_pipeline to 2025-10-10 09:00:00+00:00, run_after=2025-10-11 09:00:00+00:00
[2025-10-11T02:54:04.686+0000] {processor.py:183} INFO - Processing /opt/airflow/dags/main.py took 0.229 seconds
[2025-10-11T02:54:34.837+0000] {processor.py:161} INFO - Started process (PID=173) to work on /opt/airflow/dags/main.py
[2025-10-11T02:54:34.838+0000] {processor.py:830} INFO - Processing file /opt/airflow/dags/main.py for tasks to queue
[2025-10-11T02:54:34.840+0000] {logging_mixin.py:188} INFO - [2025-10-11T02:54:34.840+0000] {dagbag.py:545} INFO - Filling up the DagBag from /opt/airflow/dags/main.py
[2025-10-11T02:54:34.931+0000] {processor.py:840} INFO - DAG(s) 'youtube_data_pipeline', 'data_quality', 'update_db' retrieved from /opt/airflow/dags/main.py
[2025-10-11T02:54:34.969+0000] {logging_mixin.py:188} INFO - [2025-10-11T02:54:34.969+0000] {dag.py:3096} INFO - Sync 3 DAGs
[2025-10-11T02:54:34.993+0000] {logging_mixin.py:188} INFO - [2025-10-11T02:54:34.993+0000] {dag.py:3954} INFO - Setting next_dagrun for data_quality to None, run_after=None
[2025-10-11T02:54:34.997+0000] {logging_mixin.py:188} INFO - [2025-10-11T02:54:34.997+0000] {dag.py:3954} INFO - Setting next_dagrun for update_db to None, run_after=None
[2025-10-11T02:54:35.001+0000] {logging_mixin.py:188} INFO - [2025-10-11T02:54:35.001+0000] {dag.py:3954} INFO - Setting next_dagrun for youtube_data_pipeline to 2025-10-10 09:00:00+00:00, run_after=2025-10-11 09:00:00+00:00
[2025-10-11T02:54:35.030+0000] {processor.py:183} INFO - Processing /opt/airflow/dags/main.py took 0.201 seconds
[2025-10-11T02:55:05.370+0000] {processor.py:161} INFO - Started process (PID=181) to work on /opt/airflow/dags/main.py
[2025-10-11T02:55:05.376+0000] {processor.py:830} INFO - Processing file /opt/airflow/dags/main.py for tasks to queue
[2025-10-11T02:55:05.386+0000] {logging_mixin.py:188} INFO - [2025-10-11T02:55:05.384+0000] {dagbag.py:545} INFO - Filling up the DagBag from /opt/airflow/dags/main.py
[2025-10-11T02:55:06.242+0000] {processor.py:840} INFO - DAG(s) 'update_db', 'data_quality', 'youtube_data_pipeline' retrieved from /opt/airflow/dags/main.py
[2025-10-11T02:55:06.345+0000] {logging_mixin.py:188} INFO - [2025-10-11T02:55:06.345+0000] {dag.py:3096} INFO - Sync 3 DAGs
[2025-10-11T02:55:06.411+0000] {logging_mixin.py:188} INFO - [2025-10-11T02:55:06.411+0000] {dag.py:3954} INFO - Setting next_dagrun for data_quality to None, run_after=None
[2025-10-11T02:55:06.420+0000] {logging_mixin.py:188} INFO - [2025-10-11T02:55:06.420+0000] {dag.py:3954} INFO - Setting next_dagrun for update_db to None, run_after=None
[2025-10-11T02:55:06.430+0000] {logging_mixin.py:188} INFO - [2025-10-11T02:55:06.429+0000] {dag.py:3954} INFO - Setting next_dagrun for youtube_data_pipeline to 2025-10-10 09:00:00+00:00, run_after=2025-10-11 09:00:00+00:00
[2025-10-11T02:55:06.484+0000] {processor.py:183} INFO - Processing /opt/airflow/dags/main.py took 1.140 seconds
[2025-10-11T02:57:06.593+0000] {processor.py:161} INFO - Started process (PID=182) to work on /opt/airflow/dags/main.py
[2025-10-11T02:57:06.624+0000] {processor.py:830} INFO - Processing file /opt/airflow/dags/main.py for tasks to queue
[2025-10-11T02:57:06.631+0000] {logging_mixin.py:188} INFO - [2025-10-11T02:57:06.630+0000] {dagbag.py:545} INFO - Filling up the DagBag from /opt/airflow/dags/main.py
[2025-10-11T02:57:06.917+0000] {processor.py:840} INFO - DAG(s) 'update_db', 'youtube_data_pipeline', 'data_quality' retrieved from /opt/airflow/dags/main.py
[2025-10-11T02:57:07.012+0000] {logging_mixin.py:188} INFO - [2025-10-11T02:57:07.011+0000] {dag.py:3096} INFO - Sync 3 DAGs
[2025-10-11T02:57:07.051+0000] {logging_mixin.py:188} INFO - [2025-10-11T02:57:07.051+0000] {dag.py:3954} INFO - Setting next_dagrun for data_quality to None, run_after=None
[2025-10-11T02:57:07.056+0000] {logging_mixin.py:188} INFO - [2025-10-11T02:57:07.056+0000] {dag.py:3954} INFO - Setting next_dagrun for update_db to None, run_after=None
[2025-10-11T02:57:07.061+0000] {logging_mixin.py:188} INFO - [2025-10-11T02:57:07.061+0000] {dag.py:3954} INFO - Setting next_dagrun for youtube_data_pipeline to 2025-10-10 09:00:00+00:00, run_after=2025-10-11 09:00:00+00:00
[2025-10-11T02:57:07.087+0000] {processor.py:183} INFO - Processing /opt/airflow/dags/main.py took 0.541 seconds
[2025-10-11T02:57:37.411+0000] {processor.py:161} INFO - Started process (PID=190) to work on /opt/airflow/dags/main.py
[2025-10-11T02:57:37.413+0000] {processor.py:830} INFO - Processing file /opt/airflow/dags/main.py for tasks to queue
[2025-10-11T02:57:37.415+0000] {logging_mixin.py:188} INFO - [2025-10-11T02:57:37.415+0000] {dagbag.py:545} INFO - Filling up the DagBag from /opt/airflow/dags/main.py
[2025-10-11T02:57:37.528+0000] {processor.py:840} INFO - DAG(s) 'youtube_data_pipeline', 'update_db', 'data_quality' retrieved from /opt/airflow/dags/main.py
[2025-10-11T02:57:37.568+0000] {logging_mixin.py:188} INFO - [2025-10-11T02:57:37.567+0000] {dag.py:3096} INFO - Sync 3 DAGs
[2025-10-11T02:57:37.591+0000] {logging_mixin.py:188} INFO - [2025-10-11T02:57:37.590+0000] {dag.py:3954} INFO - Setting next_dagrun for data_quality to None, run_after=None
[2025-10-11T02:57:37.595+0000] {logging_mixin.py:188} INFO - [2025-10-11T02:57:37.594+0000] {dag.py:3954} INFO - Setting next_dagrun for update_db to None, run_after=None
[2025-10-11T02:57:37.599+0000] {logging_mixin.py:188} INFO - [2025-10-11T02:57:37.598+0000] {dag.py:3954} INFO - Setting next_dagrun for youtube_data_pipeline to 2025-10-10 09:00:00+00:00, run_after=2025-10-11 09:00:00+00:00
[2025-10-11T02:57:37.622+0000] {processor.py:183} INFO - Processing /opt/airflow/dags/main.py took 0.218 seconds
[2025-10-11T02:58:07.765+0000] {processor.py:161} INFO - Started process (PID=197) to work on /opt/airflow/dags/main.py
[2025-10-11T02:58:07.767+0000] {processor.py:830} INFO - Processing file /opt/airflow/dags/main.py for tasks to queue
[2025-10-11T02:58:07.769+0000] {logging_mixin.py:188} INFO - [2025-10-11T02:58:07.769+0000] {dagbag.py:545} INFO - Filling up the DagBag from /opt/airflow/dags/main.py
[2025-10-11T02:58:07.863+0000] {processor.py:840} INFO - DAG(s) 'youtube_data_pipeline', 'data_quality', 'update_db' retrieved from /opt/airflow/dags/main.py
[2025-10-11T02:58:07.899+0000] {logging_mixin.py:188} INFO - [2025-10-11T02:58:07.898+0000] {dag.py:3096} INFO - Sync 3 DAGs
[2025-10-11T02:58:07.923+0000] {logging_mixin.py:188} INFO - [2025-10-11T02:58:07.923+0000] {dag.py:3954} INFO - Setting next_dagrun for data_quality to None, run_after=None
[2025-10-11T02:58:07.927+0000] {logging_mixin.py:188} INFO - [2025-10-11T02:58:07.927+0000] {dag.py:3954} INFO - Setting next_dagrun for update_db to None, run_after=None
[2025-10-11T02:58:07.931+0000] {logging_mixin.py:188} INFO - [2025-10-11T02:58:07.930+0000] {dag.py:3954} INFO - Setting next_dagrun for youtube_data_pipeline to 2025-10-10 09:00:00+00:00, run_after=2025-10-11 09:00:00+00:00
[2025-10-11T02:58:07.953+0000] {processor.py:183} INFO - Processing /opt/airflow/dags/main.py took 0.195 seconds
[2025-10-11T02:58:38.226+0000] {processor.py:161} INFO - Started process (PID=204) to work on /opt/airflow/dags/main.py
[2025-10-11T02:58:38.228+0000] {processor.py:830} INFO - Processing file /opt/airflow/dags/main.py for tasks to queue
[2025-10-11T02:58:38.231+0000] {logging_mixin.py:188} INFO - [2025-10-11T02:58:38.230+0000] {dagbag.py:545} INFO - Filling up the DagBag from /opt/airflow/dags/main.py
[2025-10-11T02:58:38.359+0000] {processor.py:840} INFO - DAG(s) 'update_db', 'youtube_data_pipeline', 'data_quality' retrieved from /opt/airflow/dags/main.py
[2025-10-11T02:58:38.408+0000] {logging_mixin.py:188} INFO - [2025-10-11T02:58:38.408+0000] {dag.py:3096} INFO - Sync 3 DAGs
[2025-10-11T02:58:38.439+0000] {logging_mixin.py:188} INFO - [2025-10-11T02:58:38.439+0000] {dag.py:3954} INFO - Setting next_dagrun for data_quality to None, run_after=None
[2025-10-11T02:58:38.444+0000] {logging_mixin.py:188} INFO - [2025-10-11T02:58:38.444+0000] {dag.py:3954} INFO - Setting next_dagrun for update_db to None, run_after=None
[2025-10-11T02:58:38.449+0000] {logging_mixin.py:188} INFO - [2025-10-11T02:58:38.448+0000] {dag.py:3954} INFO - Setting next_dagrun for youtube_data_pipeline to 2025-10-10 09:00:00+00:00, run_after=2025-10-11 09:00:00+00:00
[2025-10-11T02:58:38.482+0000] {processor.py:183} INFO - Processing /opt/airflow/dags/main.py took 0.263 seconds
[2025-10-11T02:59:08.581+0000] {processor.py:161} INFO - Started process (PID=211) to work on /opt/airflow/dags/main.py
[2025-10-11T02:59:08.583+0000] {processor.py:830} INFO - Processing file /opt/airflow/dags/main.py for tasks to queue
[2025-10-11T02:59:08.587+0000] {logging_mixin.py:188} INFO - [2025-10-11T02:59:08.586+0000] {dagbag.py:545} INFO - Filling up the DagBag from /opt/airflow/dags/main.py
[2025-10-11T02:59:08.721+0000] {processor.py:840} INFO - DAG(s) 'update_db', 'youtube_data_pipeline', 'data_quality' retrieved from /opt/airflow/dags/main.py
[2025-10-11T02:59:08.839+0000] {logging_mixin.py:188} INFO - [2025-10-11T02:59:08.839+0000] {dag.py:3096} INFO - Sync 3 DAGs
[2025-10-11T02:59:08.873+0000] {logging_mixin.py:188} INFO - [2025-10-11T02:59:08.873+0000] {dag.py:3954} INFO - Setting next_dagrun for data_quality to None, run_after=None
[2025-10-11T02:59:08.880+0000] {logging_mixin.py:188} INFO - [2025-10-11T02:59:08.880+0000] {dag.py:3954} INFO - Setting next_dagrun for update_db to None, run_after=None
[2025-10-11T02:59:08.884+0000] {logging_mixin.py:188} INFO - [2025-10-11T02:59:08.884+0000] {dag.py:3954} INFO - Setting next_dagrun for youtube_data_pipeline to 2025-10-10 09:00:00+00:00, run_after=2025-10-11 09:00:00+00:00
[2025-10-11T02:59:08.914+0000] {processor.py:183} INFO - Processing /opt/airflow/dags/main.py took 0.348 seconds
[2025-10-11T02:59:39.198+0000] {processor.py:161} INFO - Started process (PID=218) to work on /opt/airflow/dags/main.py
[2025-10-11T02:59:39.200+0000] {processor.py:830} INFO - Processing file /opt/airflow/dags/main.py for tasks to queue
[2025-10-11T02:59:39.203+0000] {logging_mixin.py:188} INFO - [2025-10-11T02:59:39.202+0000] {dagbag.py:545} INFO - Filling up the DagBag from /opt/airflow/dags/main.py
[2025-10-11T02:59:39.321+0000] {processor.py:840} INFO - DAG(s) 'update_db', 'data_quality', 'youtube_data_pipeline' retrieved from /opt/airflow/dags/main.py
[2025-10-11T02:59:39.360+0000] {logging_mixin.py:188} INFO - [2025-10-11T02:59:39.359+0000] {dag.py:3096} INFO - Sync 3 DAGs
[2025-10-11T02:59:39.383+0000] {logging_mixin.py:188} INFO - [2025-10-11T02:59:39.383+0000] {dag.py:3954} INFO - Setting next_dagrun for data_quality to None, run_after=None
[2025-10-11T02:59:39.388+0000] {logging_mixin.py:188} INFO - [2025-10-11T02:59:39.388+0000] {dag.py:3954} INFO - Setting next_dagrun for update_db to None, run_after=None
[2025-10-11T02:59:39.393+0000] {logging_mixin.py:188} INFO - [2025-10-11T02:59:39.392+0000] {dag.py:3954} INFO - Setting next_dagrun for youtube_data_pipeline to 2025-10-10 09:00:00+00:00, run_after=2025-10-11 09:00:00+00:00
[2025-10-11T02:59:39.415+0000] {processor.py:183} INFO - Processing /opt/airflow/dags/main.py took 0.225 seconds
[2025-10-11T03:00:09.460+0000] {processor.py:161} INFO - Started process (PID=225) to work on /opt/airflow/dags/main.py
[2025-10-11T03:00:09.461+0000] {processor.py:830} INFO - Processing file /opt/airflow/dags/main.py for tasks to queue
[2025-10-11T03:00:09.464+0000] {logging_mixin.py:188} INFO - [2025-10-11T03:00:09.463+0000] {dagbag.py:545} INFO - Filling up the DagBag from /opt/airflow/dags/main.py
[2025-10-11T03:00:09.598+0000] {processor.py:840} INFO - DAG(s) 'update_db', 'data_quality', 'youtube_data_pipeline' retrieved from /opt/airflow/dags/main.py
[2025-10-11T03:00:09.639+0000] {logging_mixin.py:188} INFO - [2025-10-11T03:00:09.639+0000] {dag.py:3096} INFO - Sync 3 DAGs
[2025-10-11T03:00:09.665+0000] {logging_mixin.py:188} INFO - [2025-10-11T03:00:09.665+0000] {dag.py:3954} INFO - Setting next_dagrun for data_quality to None, run_after=None
[2025-10-11T03:00:09.670+0000] {logging_mixin.py:188} INFO - [2025-10-11T03:00:09.670+0000] {dag.py:3954} INFO - Setting next_dagrun for update_db to None, run_after=None
[2025-10-11T03:00:09.675+0000] {logging_mixin.py:188} INFO - [2025-10-11T03:00:09.675+0000] {dag.py:3954} INFO - Setting next_dagrun for youtube_data_pipeline to 2025-10-10 09:00:00+00:00, run_after=2025-10-11 09:00:00+00:00
[2025-10-11T03:00:09.699+0000] {processor.py:183} INFO - Processing /opt/airflow/dags/main.py took 0.248 seconds
[2025-10-11T03:00:40.066+0000] {processor.py:161} INFO - Started process (PID=233) to work on /opt/airflow/dags/main.py
[2025-10-11T03:00:40.067+0000] {processor.py:830} INFO - Processing file /opt/airflow/dags/main.py for tasks to queue
[2025-10-11T03:00:40.069+0000] {logging_mixin.py:188} INFO - [2025-10-11T03:00:40.069+0000] {dagbag.py:545} INFO - Filling up the DagBag from /opt/airflow/dags/main.py
[2025-10-11T03:00:40.169+0000] {processor.py:840} INFO - DAG(s) 'update_db', 'data_quality', 'youtube_data_pipeline' retrieved from /opt/airflow/dags/main.py
[2025-10-11T03:00:40.211+0000] {logging_mixin.py:188} INFO - [2025-10-11T03:00:40.211+0000] {dag.py:3096} INFO - Sync 3 DAGs
[2025-10-11T03:00:40.239+0000] {logging_mixin.py:188} INFO - [2025-10-11T03:00:40.239+0000] {dag.py:3954} INFO - Setting next_dagrun for data_quality to None, run_after=None
[2025-10-11T03:00:40.244+0000] {logging_mixin.py:188} INFO - [2025-10-11T03:00:40.244+0000] {dag.py:3954} INFO - Setting next_dagrun for update_db to None, run_after=None
[2025-10-11T03:00:40.248+0000] {logging_mixin.py:188} INFO - [2025-10-11T03:00:40.248+0000] {dag.py:3954} INFO - Setting next_dagrun for youtube_data_pipeline to 2025-10-10 09:00:00+00:00, run_after=2025-10-11 09:00:00+00:00
[2025-10-11T03:00:40.270+0000] {processor.py:183} INFO - Processing /opt/airflow/dags/main.py took 0.211 seconds
[2025-10-11T03:01:10.401+0000] {processor.py:161} INFO - Started process (PID=240) to work on /opt/airflow/dags/main.py
[2025-10-11T03:01:10.403+0000] {processor.py:830} INFO - Processing file /opt/airflow/dags/main.py for tasks to queue
[2025-10-11T03:01:10.407+0000] {logging_mixin.py:188} INFO - [2025-10-11T03:01:10.406+0000] {dagbag.py:545} INFO - Filling up the DagBag from /opt/airflow/dags/main.py
[2025-10-11T03:01:10.643+0000] {processor.py:840} INFO - DAG(s) 'data_quality', 'youtube_data_pipeline', 'update_db' retrieved from /opt/airflow/dags/main.py
[2025-10-11T03:01:10.705+0000] {logging_mixin.py:188} INFO - [2025-10-11T03:01:10.704+0000] {dag.py:3096} INFO - Sync 3 DAGs
[2025-10-11T03:01:10.748+0000] {logging_mixin.py:188} INFO - [2025-10-11T03:01:10.748+0000] {dag.py:3954} INFO - Setting next_dagrun for data_quality to None, run_after=None
[2025-10-11T03:01:10.755+0000] {logging_mixin.py:188} INFO - [2025-10-11T03:01:10.755+0000] {dag.py:3954} INFO - Setting next_dagrun for update_db to None, run_after=None
[2025-10-11T03:01:10.761+0000] {logging_mixin.py:188} INFO - [2025-10-11T03:01:10.761+0000] {dag.py:3954} INFO - Setting next_dagrun for youtube_data_pipeline to 2025-10-10 09:00:00+00:00, run_after=2025-10-11 09:00:00+00:00
[2025-10-11T03:01:10.796+0000] {processor.py:183} INFO - Processing /opt/airflow/dags/main.py took 0.404 seconds
[2025-10-11T03:01:41.162+0000] {processor.py:161} INFO - Started process (PID=247) to work on /opt/airflow/dags/main.py
[2025-10-11T03:01:41.165+0000] {processor.py:830} INFO - Processing file /opt/airflow/dags/main.py for tasks to queue
[2025-10-11T03:01:41.167+0000] {logging_mixin.py:188} INFO - [2025-10-11T03:01:41.167+0000] {dagbag.py:545} INFO - Filling up the DagBag from /opt/airflow/dags/main.py
[2025-10-11T03:01:41.293+0000] {processor.py:840} INFO - DAG(s) 'data_quality', 'update_db', 'youtube_data_pipeline' retrieved from /opt/airflow/dags/main.py
[2025-10-11T03:01:41.335+0000] {logging_mixin.py:188} INFO - [2025-10-11T03:01:41.335+0000] {dag.py:3096} INFO - Sync 3 DAGs
[2025-10-11T03:01:41.363+0000] {logging_mixin.py:188} INFO - [2025-10-11T03:01:41.363+0000] {dag.py:3954} INFO - Setting next_dagrun for data_quality to None, run_after=None
[2025-10-11T03:01:41.367+0000] {logging_mixin.py:188} INFO - [2025-10-11T03:01:41.367+0000] {dag.py:3954} INFO - Setting next_dagrun for update_db to None, run_after=None
[2025-10-11T03:01:41.371+0000] {logging_mixin.py:188} INFO - [2025-10-11T03:01:41.371+0000] {dag.py:3954} INFO - Setting next_dagrun for youtube_data_pipeline to 2025-10-10 09:00:00+00:00, run_after=2025-10-11 09:00:00+00:00
[2025-10-11T03:01:41.393+0000] {processor.py:183} INFO - Processing /opt/airflow/dags/main.py took 0.242 seconds
[2025-10-11T03:02:11.649+0000] {processor.py:161} INFO - Started process (PID=254) to work on /opt/airflow/dags/main.py
[2025-10-11T03:02:11.652+0000] {processor.py:830} INFO - Processing file /opt/airflow/dags/main.py for tasks to queue
[2025-10-11T03:02:11.663+0000] {logging_mixin.py:188} INFO - [2025-10-11T03:02:11.659+0000] {dagbag.py:545} INFO - Filling up the DagBag from /opt/airflow/dags/main.py
[2025-10-11T03:02:12.000+0000] {processor.py:840} INFO - DAG(s) 'youtube_data_pipeline', 'data_quality', 'update_db' retrieved from /opt/airflow/dags/main.py
[2025-10-11T03:02:12.222+0000] {logging_mixin.py:188} INFO - [2025-10-11T03:02:12.217+0000] {dag.py:3096} INFO - Sync 3 DAGs
[2025-10-11T03:02:12.369+0000] {logging_mixin.py:188} INFO - [2025-10-11T03:02:12.369+0000] {dag.py:3954} INFO - Setting next_dagrun for data_quality to None, run_after=None
[2025-10-11T03:02:12.385+0000] {logging_mixin.py:188} INFO - [2025-10-11T03:02:12.384+0000] {dag.py:3954} INFO - Setting next_dagrun for update_db to None, run_after=None
[2025-10-11T03:02:12.402+0000] {logging_mixin.py:188} INFO - [2025-10-11T03:02:12.401+0000] {dag.py:3954} INFO - Setting next_dagrun for youtube_data_pipeline to 2025-10-10 09:00:00+00:00, run_after=2025-10-11 09:00:00+00:00
[2025-10-11T03:02:12.480+0000] {processor.py:183} INFO - Processing /opt/airflow/dags/main.py took 0.860 seconds
[2025-10-11T03:02:42.943+0000] {processor.py:161} INFO - Started process (PID=261) to work on /opt/airflow/dags/main.py
[2025-10-11T03:02:42.946+0000] {processor.py:830} INFO - Processing file /opt/airflow/dags/main.py for tasks to queue
[2025-10-11T03:02:42.949+0000] {logging_mixin.py:188} INFO - [2025-10-11T03:02:42.948+0000] {dagbag.py:545} INFO - Filling up the DagBag from /opt/airflow/dags/main.py
[2025-10-11T03:02:43.056+0000] {processor.py:840} INFO - DAG(s) 'update_db', 'youtube_data_pipeline', 'data_quality' retrieved from /opt/airflow/dags/main.py
[2025-10-11T03:02:43.106+0000] {logging_mixin.py:188} INFO - [2025-10-11T03:02:43.105+0000] {dag.py:3096} INFO - Sync 3 DAGs
[2025-10-11T03:02:43.135+0000] {logging_mixin.py:188} INFO - [2025-10-11T03:02:43.135+0000] {dag.py:3954} INFO - Setting next_dagrun for data_quality to None, run_after=None
[2025-10-11T03:02:43.140+0000] {logging_mixin.py:188} INFO - [2025-10-11T03:02:43.139+0000] {dag.py:3954} INFO - Setting next_dagrun for update_db to None, run_after=None
[2025-10-11T03:02:43.145+0000] {logging_mixin.py:188} INFO - [2025-10-11T03:02:43.145+0000] {dag.py:3954} INFO - Setting next_dagrun for youtube_data_pipeline to 2025-10-10 09:00:00+00:00, run_after=2025-10-11 09:00:00+00:00
[2025-10-11T03:02:43.171+0000] {processor.py:183} INFO - Processing /opt/airflow/dags/main.py took 0.238 seconds
[2025-10-11T03:03:13.361+0000] {processor.py:161} INFO - Started process (PID=274) to work on /opt/airflow/dags/main.py
[2025-10-11T03:03:13.362+0000] {processor.py:830} INFO - Processing file /opt/airflow/dags/main.py for tasks to queue
[2025-10-11T03:03:13.365+0000] {logging_mixin.py:188} INFO - [2025-10-11T03:03:13.364+0000] {dagbag.py:545} INFO - Filling up the DagBag from /opt/airflow/dags/main.py
[2025-10-11T03:03:13.476+0000] {processor.py:840} INFO - DAG(s) 'data_quality', 'youtube_data_pipeline', 'update_db' retrieved from /opt/airflow/dags/main.py
[2025-10-11T03:03:13.507+0000] {logging_mixin.py:188} INFO - [2025-10-11T03:03:13.507+0000] {dag.py:3096} INFO - Sync 3 DAGs
[2025-10-11T03:03:13.529+0000] {logging_mixin.py:188} INFO - [2025-10-11T03:03:13.528+0000] {dag.py:3954} INFO - Setting next_dagrun for data_quality to None, run_after=None
[2025-10-11T03:03:13.533+0000] {logging_mixin.py:188} INFO - [2025-10-11T03:03:13.532+0000] {dag.py:3954} INFO - Setting next_dagrun for update_db to None, run_after=None
[2025-10-11T03:03:13.536+0000] {logging_mixin.py:188} INFO - [2025-10-11T03:03:13.536+0000] {dag.py:3954} INFO - Setting next_dagrun for youtube_data_pipeline to 2025-10-10 09:00:00+00:00, run_after=2025-10-11 09:00:00+00:00
[2025-10-11T03:03:13.558+0000] {processor.py:183} INFO - Processing /opt/airflow/dags/main.py took 0.205 seconds
[2025-10-11T03:03:43.787+0000] {processor.py:161} INFO - Started process (PID=281) to work on /opt/airflow/dags/main.py
[2025-10-11T03:03:43.793+0000] {processor.py:830} INFO - Processing file /opt/airflow/dags/main.py for tasks to queue
[2025-10-11T03:03:43.801+0000] {logging_mixin.py:188} INFO - [2025-10-11T03:03:43.801+0000] {dagbag.py:545} INFO - Filling up the DagBag from /opt/airflow/dags/main.py
[2025-10-11T03:03:44.378+0000] {processor.py:840} INFO - DAG(s) 'update_db', 'data_quality', 'youtube_data_pipeline' retrieved from /opt/airflow/dags/main.py
[2025-10-11T03:03:44.466+0000] {logging_mixin.py:188} INFO - [2025-10-11T03:03:44.465+0000] {dag.py:3096} INFO - Sync 3 DAGs
[2025-10-11T03:03:44.509+0000] {logging_mixin.py:188} INFO - [2025-10-11T03:03:44.509+0000] {dag.py:3954} INFO - Setting next_dagrun for data_quality to None, run_after=None
[2025-10-11T03:03:44.518+0000] {logging_mixin.py:188} INFO - [2025-10-11T03:03:44.518+0000] {dag.py:3954} INFO - Setting next_dagrun for update_db to None, run_after=None
[2025-10-11T03:03:44.528+0000] {logging_mixin.py:188} INFO - [2025-10-11T03:03:44.527+0000] {dag.py:3954} INFO - Setting next_dagrun for youtube_data_pipeline to 2025-10-10 09:00:00+00:00, run_after=2025-10-11 09:00:00+00:00
[2025-10-11T03:03:44.580+0000] {processor.py:183} INFO - Processing /opt/airflow/dags/main.py took 0.808 seconds
[2025-10-11T03:04:15.032+0000] {processor.py:161} INFO - Started process (PID=288) to work on /opt/airflow/dags/main.py
[2025-10-11T03:04:15.034+0000] {processor.py:830} INFO - Processing file /opt/airflow/dags/main.py for tasks to queue
[2025-10-11T03:04:15.038+0000] {logging_mixin.py:188} INFO - [2025-10-11T03:04:15.038+0000] {dagbag.py:545} INFO - Filling up the DagBag from /opt/airflow/dags/main.py
[2025-10-11T03:04:15.138+0000] {processor.py:840} INFO - DAG(s) 'youtube_data_pipeline', 'update_db', 'data_quality' retrieved from /opt/airflow/dags/main.py
[2025-10-11T03:04:15.170+0000] {logging_mixin.py:188} INFO - [2025-10-11T03:04:15.170+0000] {dag.py:3096} INFO - Sync 3 DAGs
[2025-10-11T03:04:15.192+0000] {logging_mixin.py:188} INFO - [2025-10-11T03:04:15.192+0000] {dag.py:3954} INFO - Setting next_dagrun for data_quality to None, run_after=None
[2025-10-11T03:04:15.196+0000] {logging_mixin.py:188} INFO - [2025-10-11T03:04:15.195+0000] {dag.py:3954} INFO - Setting next_dagrun for update_db to None, run_after=None
[2025-10-11T03:04:15.199+0000] {logging_mixin.py:188} INFO - [2025-10-11T03:04:15.199+0000] {dag.py:3954} INFO - Setting next_dagrun for youtube_data_pipeline to 2025-10-10 09:00:00+00:00, run_after=2025-10-11 09:00:00+00:00
[2025-10-11T03:04:15.218+0000] {processor.py:183} INFO - Processing /opt/airflow/dags/main.py took 0.203 seconds
[2025-10-11T03:04:45.512+0000] {processor.py:161} INFO - Started process (PID=295) to work on /opt/airflow/dags/main.py
[2025-10-11T03:04:45.513+0000] {processor.py:830} INFO - Processing file /opt/airflow/dags/main.py for tasks to queue
[2025-10-11T03:04:45.515+0000] {logging_mixin.py:188} INFO - [2025-10-11T03:04:45.515+0000] {dagbag.py:545} INFO - Filling up the DagBag from /opt/airflow/dags/main.py
[2025-10-11T03:04:45.617+0000] {processor.py:840} INFO - DAG(s) 'data_quality', 'update_db', 'youtube_data_pipeline' retrieved from /opt/airflow/dags/main.py
[2025-10-11T03:04:45.651+0000] {logging_mixin.py:188} INFO - [2025-10-11T03:04:45.651+0000] {dag.py:3096} INFO - Sync 3 DAGs
[2025-10-11T03:04:45.673+0000] {logging_mixin.py:188} INFO - [2025-10-11T03:04:45.673+0000] {dag.py:3954} INFO - Setting next_dagrun for data_quality to None, run_after=None
[2025-10-11T03:04:45.677+0000] {logging_mixin.py:188} INFO - [2025-10-11T03:04:45.677+0000] {dag.py:3954} INFO - Setting next_dagrun for update_db to None, run_after=None
[2025-10-11T03:04:45.681+0000] {logging_mixin.py:188} INFO - [2025-10-11T03:04:45.681+0000] {dag.py:3954} INFO - Setting next_dagrun for youtube_data_pipeline to 2025-10-10 09:00:00+00:00, run_after=2025-10-11 09:00:00+00:00
[2025-10-11T03:04:45.703+0000] {processor.py:183} INFO - Processing /opt/airflow/dags/main.py took 0.197 seconds
[2025-10-11T03:05:15.824+0000] {processor.py:161} INFO - Started process (PID=302) to work on /opt/airflow/dags/main.py
[2025-10-11T03:05:15.826+0000] {processor.py:830} INFO - Processing file /opt/airflow/dags/main.py for tasks to queue
[2025-10-11T03:05:15.828+0000] {logging_mixin.py:188} INFO - [2025-10-11T03:05:15.828+0000] {dagbag.py:545} INFO - Filling up the DagBag from /opt/airflow/dags/main.py
[2025-10-11T03:05:15.929+0000] {processor.py:840} INFO - DAG(s) 'youtube_data_pipeline', 'data_quality', 'update_db' retrieved from /opt/airflow/dags/main.py
[2025-10-11T03:05:15.965+0000] {logging_mixin.py:188} INFO - [2025-10-11T03:05:15.965+0000] {dag.py:3096} INFO - Sync 3 DAGs
[2025-10-11T03:05:15.987+0000] {logging_mixin.py:188} INFO - [2025-10-11T03:05:15.987+0000] {dag.py:3954} INFO - Setting next_dagrun for data_quality to None, run_after=None
[2025-10-11T03:05:15.991+0000] {logging_mixin.py:188} INFO - [2025-10-11T03:05:15.991+0000] {dag.py:3954} INFO - Setting next_dagrun for update_db to None, run_after=None
[2025-10-11T03:05:15.995+0000] {logging_mixin.py:188} INFO - [2025-10-11T03:05:15.995+0000] {dag.py:3954} INFO - Setting next_dagrun for youtube_data_pipeline to 2025-10-10 09:00:00+00:00, run_after=2025-10-11 09:00:00+00:00
[2025-10-11T03:05:16.016+0000] {processor.py:183} INFO - Processing /opt/airflow/dags/main.py took 0.199 seconds
[2025-10-11T03:05:46.203+0000] {processor.py:161} INFO - Started process (PID=309) to work on /opt/airflow/dags/main.py
[2025-10-11T03:05:46.205+0000] {processor.py:830} INFO - Processing file /opt/airflow/dags/main.py for tasks to queue
[2025-10-11T03:05:46.208+0000] {logging_mixin.py:188} INFO - [2025-10-11T03:05:46.208+0000] {dagbag.py:545} INFO - Filling up the DagBag from /opt/airflow/dags/main.py
[2025-10-11T03:05:46.334+0000] {processor.py:840} INFO - DAG(s) 'data_quality', 'youtube_data_pipeline', 'update_db' retrieved from /opt/airflow/dags/main.py
[2025-10-11T03:05:46.392+0000] {logging_mixin.py:188} INFO - [2025-10-11T03:05:46.392+0000] {dag.py:3096} INFO - Sync 3 DAGs
[2025-10-11T03:05:46.424+0000] {logging_mixin.py:188} INFO - [2025-10-11T03:05:46.424+0000] {dag.py:3954} INFO - Setting next_dagrun for data_quality to None, run_after=None
[2025-10-11T03:05:46.429+0000] {logging_mixin.py:188} INFO - [2025-10-11T03:05:46.429+0000] {dag.py:3954} INFO - Setting next_dagrun for update_db to None, run_after=None
[2025-10-11T03:05:46.434+0000] {logging_mixin.py:188} INFO - [2025-10-11T03:05:46.434+0000] {dag.py:3954} INFO - Setting next_dagrun for youtube_data_pipeline to 2025-10-10 09:00:00+00:00, run_after=2025-10-11 09:00:00+00:00
[2025-10-11T03:05:46.460+0000] {processor.py:183} INFO - Processing /opt/airflow/dags/main.py took 0.266 seconds
[2025-10-11T03:06:16.660+0000] {processor.py:161} INFO - Started process (PID=316) to work on /opt/airflow/dags/main.py
[2025-10-11T03:06:16.661+0000] {processor.py:830} INFO - Processing file /opt/airflow/dags/main.py for tasks to queue
[2025-10-11T03:06:16.664+0000] {logging_mixin.py:188} INFO - [2025-10-11T03:06:16.664+0000] {dagbag.py:545} INFO - Filling up the DagBag from /opt/airflow/dags/main.py
[2025-10-11T03:06:16.772+0000] {processor.py:840} INFO - DAG(s) 'update_db', 'data_quality', 'youtube_data_pipeline' retrieved from /opt/airflow/dags/main.py
[2025-10-11T03:06:16.809+0000] {logging_mixin.py:188} INFO - [2025-10-11T03:06:16.809+0000] {dag.py:3096} INFO - Sync 3 DAGs
[2025-10-11T03:06:16.832+0000] {logging_mixin.py:188} INFO - [2025-10-11T03:06:16.832+0000] {dag.py:3954} INFO - Setting next_dagrun for data_quality to None, run_after=None
[2025-10-11T03:06:16.838+0000] {logging_mixin.py:188} INFO - [2025-10-11T03:06:16.837+0000] {dag.py:3954} INFO - Setting next_dagrun for update_db to None, run_after=None
[2025-10-11T03:06:16.842+0000] {logging_mixin.py:188} INFO - [2025-10-11T03:06:16.841+0000] {dag.py:3954} INFO - Setting next_dagrun for youtube_data_pipeline to 2025-10-10 09:00:00+00:00, run_after=2025-10-11 09:00:00+00:00
[2025-10-11T03:06:16.862+0000] {processor.py:183} INFO - Processing /opt/airflow/dags/main.py took 0.211 seconds
[2025-10-11T03:06:47.059+0000] {processor.py:161} INFO - Started process (PID=323) to work on /opt/airflow/dags/main.py
[2025-10-11T03:06:47.061+0000] {processor.py:830} INFO - Processing file /opt/airflow/dags/main.py for tasks to queue
[2025-10-11T03:06:47.063+0000] {logging_mixin.py:188} INFO - [2025-10-11T03:06:47.063+0000] {dagbag.py:545} INFO - Filling up the DagBag from /opt/airflow/dags/main.py
[2025-10-11T03:06:47.162+0000] {processor.py:840} INFO - DAG(s) 'youtube_data_pipeline', 'update_db', 'data_quality' retrieved from /opt/airflow/dags/main.py
[2025-10-11T03:06:47.212+0000] {logging_mixin.py:188} INFO - [2025-10-11T03:06:47.211+0000] {dag.py:3096} INFO - Sync 3 DAGs
[2025-10-11T03:06:47.239+0000] {logging_mixin.py:188} INFO - [2025-10-11T03:06:47.239+0000] {dag.py:3954} INFO - Setting next_dagrun for data_quality to None, run_after=None
[2025-10-11T03:06:47.244+0000] {logging_mixin.py:188} INFO - [2025-10-11T03:06:47.243+0000] {dag.py:3954} INFO - Setting next_dagrun for update_db to None, run_after=None
[2025-10-11T03:06:47.248+0000] {logging_mixin.py:188} INFO - [2025-10-11T03:06:47.248+0000] {dag.py:3954} INFO - Setting next_dagrun for youtube_data_pipeline to 2025-10-10 09:00:00+00:00, run_after=2025-10-11 09:00:00+00:00
[2025-10-11T03:06:47.303+0000] {processor.py:183} INFO - Processing /opt/airflow/dags/main.py took 0.251 seconds
[2025-10-11T03:07:17.718+0000] {processor.py:161} INFO - Started process (PID=330) to work on /opt/airflow/dags/main.py
[2025-10-11T03:07:17.720+0000] {processor.py:830} INFO - Processing file /opt/airflow/dags/main.py for tasks to queue
[2025-10-11T03:07:17.722+0000] {logging_mixin.py:188} INFO - [2025-10-11T03:07:17.722+0000] {dagbag.py:545} INFO - Filling up the DagBag from /opt/airflow/dags/main.py
[2025-10-11T03:07:17.818+0000] {processor.py:840} INFO - DAG(s) 'data_quality', 'update_db', 'youtube_data_pipeline' retrieved from /opt/airflow/dags/main.py
[2025-10-11T03:07:17.850+0000] {logging_mixin.py:188} INFO - [2025-10-11T03:07:17.850+0000] {dag.py:3096} INFO - Sync 3 DAGs
[2025-10-11T03:07:17.873+0000] {logging_mixin.py:188} INFO - [2025-10-11T03:07:17.872+0000] {dag.py:3954} INFO - Setting next_dagrun for data_quality to None, run_after=None
[2025-10-11T03:07:17.877+0000] {logging_mixin.py:188} INFO - [2025-10-11T03:07:17.876+0000] {dag.py:3954} INFO - Setting next_dagrun for update_db to None, run_after=None
[2025-10-11T03:07:17.881+0000] {logging_mixin.py:188} INFO - [2025-10-11T03:07:17.880+0000] {dag.py:3954} INFO - Setting next_dagrun for youtube_data_pipeline to 2025-10-10 09:00:00+00:00, run_after=2025-10-11 09:00:00+00:00
[2025-10-11T03:07:17.901+0000] {processor.py:183} INFO - Processing /opt/airflow/dags/main.py took 0.190 seconds
[2025-10-11T03:07:48.065+0000] {processor.py:161} INFO - Started process (PID=337) to work on /opt/airflow/dags/main.py
[2025-10-11T03:07:48.067+0000] {processor.py:830} INFO - Processing file /opt/airflow/dags/main.py for tasks to queue
[2025-10-11T03:07:48.069+0000] {logging_mixin.py:188} INFO - [2025-10-11T03:07:48.069+0000] {dagbag.py:545} INFO - Filling up the DagBag from /opt/airflow/dags/main.py
[2025-10-11T03:07:48.158+0000] {processor.py:840} INFO - DAG(s) 'update_db', 'youtube_data_pipeline', 'data_quality' retrieved from /opt/airflow/dags/main.py
[2025-10-11T03:07:48.192+0000] {logging_mixin.py:188} INFO - [2025-10-11T03:07:48.192+0000] {dag.py:3096} INFO - Sync 3 DAGs
[2025-10-11T03:07:48.213+0000] {logging_mixin.py:188} INFO - [2025-10-11T03:07:48.213+0000] {dag.py:3954} INFO - Setting next_dagrun for data_quality to None, run_after=None
[2025-10-11T03:07:48.217+0000] {logging_mixin.py:188} INFO - [2025-10-11T03:07:48.217+0000] {dag.py:3954} INFO - Setting next_dagrun for update_db to None, run_after=None
[2025-10-11T03:07:48.221+0000] {logging_mixin.py:188} INFO - [2025-10-11T03:07:48.221+0000] {dag.py:3954} INFO - Setting next_dagrun for youtube_data_pipeline to 2025-10-10 09:00:00+00:00, run_after=2025-10-11 09:00:00+00:00
[2025-10-11T03:07:48.242+0000] {processor.py:183} INFO - Processing /opt/airflow/dags/main.py took 0.184 seconds
[2025-10-11T03:51:57.343+0000] {processor.py:161} INFO - Started process (PID=344) to work on /opt/airflow/dags/main.py
[2025-10-11T03:51:57.346+0000] {processor.py:830} INFO - Processing file /opt/airflow/dags/main.py for tasks to queue
[2025-10-11T03:51:57.351+0000] {logging_mixin.py:188} INFO - [2025-10-11T03:51:57.350+0000] {dagbag.py:545} INFO - Filling up the DagBag from /opt/airflow/dags/main.py
[2025-10-11T03:51:57.736+0000] {processor.py:840} INFO - DAG(s) 'data_quality', 'youtube_data_pipeline', 'update_db' retrieved from /opt/airflow/dags/main.py
[2025-10-11T03:51:57.934+0000] {logging_mixin.py:188} INFO - [2025-10-11T03:51:57.933+0000] {dag.py:3096} INFO - Sync 3 DAGs
[2025-10-11T03:51:58.051+0000] {logging_mixin.py:188} INFO - [2025-10-11T03:51:58.050+0000] {dag.py:3954} INFO - Setting next_dagrun for data_quality to None, run_after=None
[2025-10-11T03:51:58.082+0000] {logging_mixin.py:188} INFO - [2025-10-11T03:51:58.081+0000] {dag.py:3954} INFO - Setting next_dagrun for update_db to None, run_after=None
[2025-10-11T03:51:58.102+0000] {logging_mixin.py:188} INFO - [2025-10-11T03:51:58.101+0000] {dag.py:3954} INFO - Setting next_dagrun for youtube_data_pipeline to 2025-10-10 09:00:00+00:00, run_after=2025-10-11 09:00:00+00:00
[2025-10-11T03:51:58.194+0000] {processor.py:183} INFO - Processing /opt/airflow/dags/main.py took 0.875 seconds
[2025-10-11T03:52:28.569+0000] {processor.py:161} INFO - Started process (PID=351) to work on /opt/airflow/dags/main.py
[2025-10-11T03:52:28.570+0000] {processor.py:830} INFO - Processing file /opt/airflow/dags/main.py for tasks to queue
[2025-10-11T03:52:28.573+0000] {logging_mixin.py:188} INFO - [2025-10-11T03:52:28.572+0000] {dagbag.py:545} INFO - Filling up the DagBag from /opt/airflow/dags/main.py
[2025-10-11T03:52:28.681+0000] {processor.py:840} INFO - DAG(s) 'update_db', 'data_quality', 'youtube_data_pipeline' retrieved from /opt/airflow/dags/main.py
[2025-10-11T03:52:28.722+0000] {logging_mixin.py:188} INFO - [2025-10-11T03:52:28.721+0000] {dag.py:3096} INFO - Sync 3 DAGs
[2025-10-11T03:52:28.749+0000] {logging_mixin.py:188} INFO - [2025-10-11T03:52:28.749+0000] {dag.py:3954} INFO - Setting next_dagrun for data_quality to None, run_after=None
[2025-10-11T03:52:28.753+0000] {logging_mixin.py:188} INFO - [2025-10-11T03:52:28.753+0000] {dag.py:3954} INFO - Setting next_dagrun for update_db to None, run_after=None
[2025-10-11T03:52:28.757+0000] {logging_mixin.py:188} INFO - [2025-10-11T03:52:28.757+0000] {dag.py:3954} INFO - Setting next_dagrun for youtube_data_pipeline to 2025-10-10 09:00:00+00:00, run_after=2025-10-11 09:00:00+00:00
[2025-10-11T03:52:28.782+0000] {processor.py:183} INFO - Processing /opt/airflow/dags/main.py took 0.219 seconds
