[2025-10-10T10:03:03.485+0000] {local_task_job_runner.py:120} INFO - ::group::Pre task execution logs
[2025-10-10T10:03:03.529+0000] {taskinstance.py:2076} INFO - Dependencies all met for dep_context=non-requeueable deps ti=<TaskInstance: update_db.core_table manual__2025-10-10T10:03:00.595374+00:00 [queued]>
[2025-10-10T10:03:03.544+0000] {taskinstance.py:2076} INFO - Dependencies all met for dep_context=requeueable deps ti=<TaskInstance: update_db.core_table manual__2025-10-10T10:03:00.595374+00:00 [queued]>
[2025-10-10T10:03:03.546+0000] {taskinstance.py:2306} INFO - Starting attempt 1 of 2
[2025-10-10T10:03:03.573+0000] {taskinstance.py:2330} INFO - Executing <Task(_PythonDecoratedOperator): core_table> on 2025-10-10 10:03:00.595374+00:00
[2025-10-10T10:03:03.580+0000] {standard_task_runner.py:63} INFO - Started process 98 to run task
[2025-10-10T10:03:03.586+0000] {standard_task_runner.py:90} INFO - Running: ['airflow', 'tasks', 'run', 'update_db', 'core_table', 'manual__2025-10-10T10:03:00.595374+00:00', '--job-id', '28', '--raw', '--subdir', 'DAGS_FOLDER/main.py', '--cfg-path', '/tmp/tmp5k328jzd']
[2025-10-10T10:03:03.589+0000] {standard_task_runner.py:91} INFO - Job 28: Subtask core_table
[2025-10-10T10:03:03.690+0000] {task_command.py:426} INFO - Running <TaskInstance: update_db.core_table manual__2025-10-10T10:03:00.595374+00:00 [running]> on host d755259731b7
[2025-10-10T10:03:03.791+0000] {taskinstance.py:2648} INFO - Exporting env vars: AIRFLOW_CTX_DAG_OWNER='data_engineer' AIRFLOW_CTX_DAG_ID='update_db' AIRFLOW_CTX_TASK_ID='core_table' AIRFLOW_CTX_EXECUTION_DATE='2025-10-10T10:03:00.595374+00:00' AIRFLOW_CTX_TRY_NUMBER='1' AIRFLOW_CTX_DAG_RUN_ID='manual__2025-10-10T10:03:00.595374+00:00'
[2025-10-10T10:03:03.793+0000] {taskinstance.py:430} INFO - ::endgroup::
[2025-10-10T10:03:03.803+0000] {base.py:84} INFO - Using connection ID 'postgres_db_yt_elt' for task execution.
[2025-10-10T10:03:03.810+0000] {base.py:84} INFO - Using connection ID 'postgres_db_yt_elt' for task execution.
[2025-10-10T10:03:03.820+0000] {base.py:84} INFO - Using connection ID 'postgres_db_yt_elt' for task execution.
[2025-10-10T10:03:03.842+0000] {data_modification.py:37} INFO - Inserted row with Video_ID: 99xyr9_WP3A
[2025-10-10T10:03:03.845+0000] {data_modification.py:37} INFO - Inserted row with Video_ID: A4JA0EimQws
[2025-10-10T10:03:03.847+0000] {data_modification.py:37} INFO - Inserted row with Video_ID: 8dnD8CXAMqk
[2025-10-10T10:03:03.851+0000] {data_modification.py:37} INFO - Inserted row with Video_ID: jMTxK2vwUus
[2025-10-10T10:03:03.853+0000] {data_modification.py:37} INFO - Inserted row with Video_ID: 2DJMsjk4Gok
[2025-10-10T10:03:03.856+0000] {data_modification.py:37} INFO - Inserted row with Video_ID: TC3Eu9OfuX4
[2025-10-10T10:03:03.858+0000] {data_modification.py:37} INFO - Inserted row with Video_ID: 3nhwVZAx6dk
[2025-10-10T10:03:03.861+0000] {data_modification.py:37} INFO - Inserted row with Video_ID: fSeQMMaM9cE
[2025-10-10T10:03:03.864+0000] {data_modification.py:37} INFO - Inserted row with Video_ID: 9wmh28qrdhs
[2025-10-10T10:03:03.867+0000] {data_modification.py:37} INFO - Inserted row with Video_ID: cMkkZwjvdcI
[2025-10-10T10:03:03.870+0000] {data_modification.py:37} INFO - Inserted row with Video_ID: B5L-o19yz5k
[2025-10-10T10:03:03.872+0000] {data_modification.py:37} INFO - Inserted row with Video_ID: bYADUH0MZLQ
[2025-10-10T10:03:03.875+0000] {data_modification.py:37} INFO - Inserted row with Video_ID: CJ1Xbo0mTzE
[2025-10-10T10:03:03.877+0000] {data_modification.py:37} INFO - Inserted row with Video_ID: 76jZuN96-58
[2025-10-10T10:03:03.880+0000] {data_modification.py:37} INFO - Inserted row with Video_ID: NiOMz1iSVZ4
[2025-10-10T10:03:03.882+0000] {data_modification.py:37} INFO - Inserted row with Video_ID: 11hZiooOOYY
[2025-10-10T10:03:03.886+0000] {data_modification.py:37} INFO - Inserted row with Video_ID: X-6iVCW_0s0
[2025-10-10T10:03:03.889+0000] {data_modification.py:37} INFO - Inserted row with Video_ID: Yto_KGeK9mQ
[2025-10-10T10:03:03.892+0000] {data_modification.py:37} INFO - Inserted row with Video_ID: _Q2x0Ro-k9k
[2025-10-10T10:03:03.895+0000] {data_modification.py:37} INFO - Inserted row with Video_ID: yb0f6qzLXuU
[2025-10-10T10:03:03.897+0000] {data_modification.py:37} INFO - Inserted row with Video_ID: NJwyZxNqR3Q
[2025-10-10T10:03:03.901+0000] {data_modification.py:37} INFO - Inserted row with Video_ID: 0tfhJTDN_4k
[2025-10-10T10:03:03.904+0000] {data_modification.py:37} INFO - Inserted row with Video_ID: gL0K8tPtfPM
[2025-10-10T10:03:03.907+0000] {data_modification.py:37} INFO - Inserted row with Video_ID: S6LjKsNOXWU
[2025-10-10T10:03:03.910+0000] {data_modification.py:37} INFO - Inserted row with Video_ID: c1r_dVWSoQE
[2025-10-10T10:03:03.912+0000] {data_modification.py:37} INFO - Inserted row with Video_ID: J7Oa3clkmR4
[2025-10-10T10:03:03.915+0000] {data_modification.py:37} INFO - Inserted row with Video_ID: Q4WY_uMqdf8
[2025-10-10T10:03:03.919+0000] {data_modification.py:37} INFO - Inserted row with Video_ID: jUsCCxVsQNQ
[2025-10-10T10:03:03.922+0000] {data_modification.py:37} INFO - Inserted row with Video_ID: yklr1rDaI20
[2025-10-10T10:03:03.925+0000] {data_modification.py:37} INFO - Inserted row with Video_ID: 3SSEGEc3gJU
[2025-10-10T10:03:03.929+0000] {data_modification.py:37} INFO - Inserted row with Video_ID: _zDoF3S_27w
[2025-10-10T10:03:03.932+0000] {data_modification.py:37} INFO - Inserted row with Video_ID: 38nkOTR-7-0
[2025-10-10T10:03:03.936+0000] {data_modification.py:37} INFO - Inserted row with Video_ID: _B8JNvmT0jQ
[2025-10-10T10:03:03.939+0000] {data_modification.py:37} INFO - Inserted row with Video_ID: vol1U7csSJY
[2025-10-10T10:03:03.942+0000] {data_modification.py:37} INFO - Inserted row with Video_ID: _dD1qPzLYwA
[2025-10-10T10:03:03.944+0000] {data_modification.py:37} INFO - Inserted row with Video_ID: DaXqTFvzF7U
[2025-10-10T10:03:03.947+0000] {data_modification.py:37} INFO - Inserted row with Video_ID: wp035wuSylw
[2025-10-10T10:03:03.951+0000] {data_modification.py:37} INFO - Inserted row with Video_ID: bgoy5VuS9sQ
[2025-10-10T10:03:03.955+0000] {data_modification.py:37} INFO - Inserted row with Video_ID: 8kM3u70O5Aw
[2025-10-10T10:03:03.959+0000] {data_modification.py:37} INFO - Inserted row with Video_ID: DgzOkWPeb0A
[2025-10-10T10:03:03.963+0000] {data_modification.py:37} INFO - Inserted row with Video_ID: 9bw9VlNKUGs
[2025-10-10T10:03:03.966+0000] {data_modification.py:37} INFO - Inserted row with Video_ID: rcFO5Bi676Q
[2025-10-10T10:03:03.970+0000] {data_modification.py:37} INFO - Inserted row with Video_ID: WvVE1uQ-x7o
[2025-10-10T10:03:03.974+0000] {data_modification.py:37} INFO - Inserted row with Video_ID: Qaw5xvFaXj8
[2025-10-10T10:03:03.976+0000] {data_modification.py:37} INFO - Inserted row with Video_ID: iATqLBwJ0wk
[2025-10-10T10:03:03.979+0000] {data_modification.py:37} INFO - Inserted row with Video_ID: RaHRbKfoyWw
[2025-10-10T10:03:03.981+0000] {data_modification.py:37} INFO - Inserted row with Video_ID: OgsWnV0DYUo
[2025-10-10T10:03:03.986+0000] {data_modification.py:37} INFO - Inserted row with Video_ID: njoeO17d3jk
[2025-10-10T10:03:03.989+0000] {data_modification.py:37} INFO - Inserted row with Video_ID: ogGmhROPJdA
[2025-10-10T10:03:03.991+0000] {data_modification.py:37} INFO - Inserted row with Video_ID: G1XCH1QvqK4
[2025-10-10T10:03:03.993+0000] {data_modification.py:37} INFO - Inserted row with Video_ID: OK8mWwptWdw
[2025-10-10T10:03:03.996+0000] {data_modification.py:37} INFO - Inserted row with Video_ID: YqLxRbTLSdA
[2025-10-10T10:03:03.998+0000] {data_modification.py:37} INFO - Inserted row with Video_ID: WudZnQE3n78
[2025-10-10T10:03:04.002+0000] {data_modification.py:37} INFO - Inserted row with Video_ID: Bqk4L-EzwiM
[2025-10-10T10:03:04.005+0000] {data_modification.py:37} INFO - Inserted row with Video_ID: QIFwx-i0ErM
[2025-10-10T10:03:04.008+0000] {data_modification.py:37} INFO - Inserted row with Video_ID: Dcq9HtT1RG4
[2025-10-10T10:03:04.011+0000] {data_modification.py:37} INFO - Inserted row with Video_ID: 6I2z-0UcsmE
[2025-10-10T10:03:04.014+0000] {data_modification.py:37} INFO - Inserted row with Video_ID: aG-fifySkgE
[2025-10-10T10:03:04.018+0000] {data_modification.py:37} INFO - Inserted row with Video_ID: _g9xmc6rUw0
[2025-10-10T10:03:04.021+0000] {data_modification.py:37} INFO - Inserted row with Video_ID: beCcEsry8xY
[2025-10-10T10:03:04.025+0000] {data_modification.py:37} INFO - Inserted row with Video_ID: Npe1Zkfcq4g
[2025-10-10T10:03:04.027+0000] {data_modification.py:37} INFO - Inserted row with Video_ID: j6Wgb_yQvOo
[2025-10-10T10:03:04.030+0000] {data_modification.py:37} INFO - Inserted row with Video_ID: AbCid4v6WFs
[2025-10-10T10:03:04.034+0000] {data_modification.py:37} INFO - Inserted row with Video_ID: KVuxvDVm6O8
[2025-10-10T10:03:04.037+0000] {data_modification.py:37} INFO - Inserted row with Video_ID: YZt9mc-DE-4
[2025-10-10T10:03:04.040+0000] {data_modification.py:37} INFO - Inserted row with Video_ID: h_kUOZpwi0k
[2025-10-10T10:03:04.042+0000] {data_modification.py:37} INFO - Inserted row with Video_ID: xHE-RP4sYBA
[2025-10-10T10:03:04.045+0000] {data_modification.py:37} INFO - Inserted row with Video_ID: 02t0voSgPGM
[2025-10-10T10:03:04.048+0000] {data_modification.py:37} INFO - Inserted row with Video_ID: V-nN7dXtcn0
[2025-10-10T10:03:04.052+0000] {data_modification.py:37} INFO - Inserted row with Video_ID: BYRetO8ZLv4
[2025-10-10T10:03:04.055+0000] {data_modification.py:37} INFO - Inserted row with Video_ID: u__5scIkAaU
[2025-10-10T10:03:04.058+0000] {data_modification.py:37} INFO - Inserted row with Video_ID: mhVGGcq_Bao
[2025-10-10T10:03:04.061+0000] {data_modification.py:37} INFO - Inserted row with Video_ID: 60YR-WCjHn8
[2025-10-10T10:03:04.064+0000] {data_modification.py:37} INFO - Inserted row with Video_ID: YjEWswCILeI
[2025-10-10T10:03:04.068+0000] {data_modification.py:37} INFO - Inserted row with Video_ID: XJaU6gWBLYw
[2025-10-10T10:03:04.071+0000] {data_modification.py:37} INFO - Inserted row with Video_ID: 4_ozTtvv7h0
[2025-10-10T10:03:04.074+0000] {data_modification.py:37} INFO - Inserted row with Video_ID: BHXCkM_sGo8
[2025-10-10T10:03:04.077+0000] {data_modification.py:37} INFO - Inserted row with Video_ID: y6nZWvAz5mI
[2025-10-10T10:03:04.080+0000] {data_modification.py:37} INFO - Inserted row with Video_ID: REpR9y-6a6I
[2025-10-10T10:03:04.083+0000] {data_modification.py:37} INFO - Inserted row with Video_ID: QuVoh2tWmAM
[2025-10-10T10:03:04.087+0000] {data_modification.py:37} INFO - Inserted row with Video_ID: XNvHUAgvmnQ
[2025-10-10T10:03:04.090+0000] {data_modification.py:37} INFO - Inserted row with Video_ID: 8lhKyrriiyw
[2025-10-10T10:03:04.092+0000] {data_modification.py:37} INFO - Inserted row with Video_ID: dPrOlhTSRkQ
[2025-10-10T10:03:04.095+0000] {data_modification.py:37} INFO - Inserted row with Video_ID: OQQP70-96ik
[2025-10-10T10:03:04.098+0000] {data_modification.py:37} INFO - Inserted row with Video_ID: 3mYnzyANsGU
[2025-10-10T10:03:04.102+0000] {data_modification.py:37} INFO - Inserted row with Video_ID: VejuOrJ2LxY
[2025-10-10T10:03:04.105+0000] {data_modification.py:37} INFO - Inserted row with Video_ID: xcCkWdL9tbs
[2025-10-10T10:03:04.108+0000] {data_modification.py:37} INFO - Inserted row with Video_ID: SNO5eV4FIsI
[2025-10-10T10:03:04.111+0000] {data_modification.py:37} INFO - Inserted row with Video_ID: SJlDOOumqm4
[2025-10-10T10:03:04.114+0000] {data_modification.py:37} INFO - Inserted row with Video_ID: G4Ve59w8S_Q
[2025-10-10T10:03:04.118+0000] {data_modification.py:37} INFO - Inserted row with Video_ID: XRewjX2l90U
[2025-10-10T10:03:04.121+0000] {data_modification.py:37} INFO - Inserted row with Video_ID: p1J6sbqEUUQ
[2025-10-10T10:03:04.124+0000] {data_modification.py:37} INFO - Inserted row with Video_ID: f3T5mRfq0pA
[2025-10-10T10:03:04.127+0000] {data_modification.py:37} INFO - Inserted row with Video_ID: q44q4cl9Ncc
[2025-10-10T10:03:04.130+0000] {data_modification.py:37} INFO - Inserted row with Video_ID: 9xXZheVahbQ
[2025-10-10T10:03:04.134+0000] {data_modification.py:37} INFO - Inserted row with Video_ID: acAZyS9zvHw
[2025-10-10T10:03:04.137+0000] {data_modification.py:37} INFO - Inserted row with Video_ID: IaE04yqN-JM
[2025-10-10T10:03:04.140+0000] {data_modification.py:37} INFO - Inserted row with Video_ID: gGEE5xCN98A
[2025-10-10T10:03:04.143+0000] {data_modification.py:37} INFO - Inserted row with Video_ID: _qR11kIiTA8
[2025-10-10T10:03:04.147+0000] {data_modification.py:37} INFO - Inserted row with Video_ID: zb3bV0R-ppo
[2025-10-10T10:03:04.151+0000] {data_modification.py:37} INFO - Inserted row with Video_ID: 1zg4i5X0oh0
[2025-10-10T10:03:04.155+0000] {data_modification.py:37} INFO - Inserted row with Video_ID: ERw16AQDuXo
[2025-10-10T10:03:04.158+0000] {data_modification.py:37} INFO - Inserted row with Video_ID: uJk8EXgahGI
[2025-10-10T10:03:04.161+0000] {data_modification.py:37} INFO - Inserted row with Video_ID: 834N30jsOs0
[2025-10-10T10:03:04.165+0000] {data_modification.py:37} INFO - Inserted row with Video_ID: Rp2K2qzqkVw
[2025-10-10T10:03:04.170+0000] {data_modification.py:37} INFO - Inserted row with Video_ID: RBv3MNekwcc
[2025-10-10T10:03:04.177+0000] {data_modification.py:37} INFO - Inserted row with Video_ID: dQJq7muPpV4
[2025-10-10T10:03:04.182+0000] {data_modification.py:37} INFO - Inserted row with Video_ID: U8M9pipXF6k
[2025-10-10T10:03:04.184+0000] {dwh.py:109} INFO - core table update completed
[2025-10-10T10:03:04.185+0000] {python.py:237} INFO - Done. Returned value was: None
[2025-10-10T10:03:04.188+0000] {taskinstance.py:441} INFO - ::group::Post task execution logs
[2025-10-10T10:03:04.205+0000] {taskinstance.py:1206} INFO - Marking task as SUCCESS. dag_id=update_db, task_id=core_table, run_id=manual__2025-10-10T10:03:00.595374+00:00, execution_date=20251010T100300, start_date=20251010T100303, end_date=20251010T100304
[2025-10-10T10:03:04.244+0000] {local_task_job_runner.py:240} INFO - Task exited with return code 0
[2025-10-10T10:03:04.278+0000] {taskinstance.py:3503} INFO - 0 downstream tasks scheduled from follow-on schedule check
[2025-10-10T10:03:04.282+0000] {local_task_job_runner.py:222} INFO - ::endgroup::
