[2025-10-10T10:03:01.727+0000] {local_task_job_runner.py:120} INFO - ::group::Pre task execution logs
[2025-10-10T10:03:01.748+0000] {taskinstance.py:2076} INFO - Dependencies all met for dep_context=non-requeueable deps ti=<TaskInstance: update_db.staging_table manual__2025-10-10T10:03:00.595374+00:00 [queued]>
[2025-10-10T10:03:01.758+0000] {taskinstance.py:2076} INFO - Dependencies all met for dep_context=requeueable deps ti=<TaskInstance: update_db.staging_table manual__2025-10-10T10:03:00.595374+00:00 [queued]>
[2025-10-10T10:03:01.759+0000] {taskinstance.py:2306} INFO - Starting attempt 1 of 2
[2025-10-10T10:03:01.774+0000] {taskinstance.py:2330} INFO - Executing <Task(_PythonDecoratedOperator): staging_table> on 2025-10-10 10:03:00.595374+00:00
[2025-10-10T10:03:01.779+0000] {standard_task_runner.py:63} INFO - Started process 96 to run task
[2025-10-10T10:03:01.782+0000] {standard_task_runner.py:90} INFO - Running: ['airflow', 'tasks', 'run', 'update_db', 'staging_table', 'manual__2025-10-10T10:03:00.595374+00:00', '--job-id', '27', '--raw', '--subdir', 'DAGS_FOLDER/main.py', '--cfg-path', '/tmp/tmp126tonxn']
[2025-10-10T10:03:01.784+0000] {standard_task_runner.py:91} INFO - Job 27: Subtask staging_table
[2025-10-10T10:03:01.846+0000] {task_command.py:426} INFO - Running <TaskInstance: update_db.staging_table manual__2025-10-10T10:03:00.595374+00:00 [running]> on host d755259731b7
[2025-10-10T10:03:01.925+0000] {taskinstance.py:2648} INFO - Exporting env vars: AIRFLOW_CTX_DAG_OWNER='data_engineer' AIRFLOW_CTX_DAG_ID='update_db' AIRFLOW_CTX_TASK_ID='staging_table' AIRFLOW_CTX_EXECUTION_DATE='2025-10-10T10:03:00.595374+00:00' AIRFLOW_CTX_TRY_NUMBER='1' AIRFLOW_CTX_DAG_RUN_ID='manual__2025-10-10T10:03:00.595374+00:00'
[2025-10-10T10:03:01.927+0000] {taskinstance.py:430} INFO - ::endgroup::
[2025-10-10T10:03:01.937+0000] {base.py:84} INFO - Using connection ID 'postgres_db_yt_elt' for task execution.
[2025-10-10T10:03:01.942+0000] {data_loading.py:13} INFO - Processing file: YT_data_2025-10-10
[2025-10-10T10:03:01.946+0000] {base.py:84} INFO - Using connection ID 'postgres_db_yt_elt' for task execution.
[2025-10-10T10:03:01.958+0000] {base.py:84} INFO - Using connection ID 'postgres_db_yt_elt' for task execution.
[2025-10-10T10:03:01.995+0000] {data_modification.py:37} INFO - Inserted row with Video_ID: 99xyr9_WP3A
[2025-10-10T10:03:01.998+0000] {data_modification.py:37} INFO - Inserted row with Video_ID: A4JA0EimQws
[2025-10-10T10:03:02.000+0000] {data_modification.py:37} INFO - Inserted row with Video_ID: 8dnD8CXAMqk
[2025-10-10T10:03:02.003+0000] {data_modification.py:37} INFO - Inserted row with Video_ID: jMTxK2vwUus
[2025-10-10T10:03:02.005+0000] {data_modification.py:37} INFO - Inserted row with Video_ID: 2DJMsjk4Gok
[2025-10-10T10:03:02.008+0000] {data_modification.py:37} INFO - Inserted row with Video_ID: TC3Eu9OfuX4
[2025-10-10T10:03:02.010+0000] {data_modification.py:37} INFO - Inserted row with Video_ID: 3nhwVZAx6dk
[2025-10-10T10:03:02.012+0000] {data_modification.py:37} INFO - Inserted row with Video_ID: fSeQMMaM9cE
[2025-10-10T10:03:02.014+0000] {data_modification.py:37} INFO - Inserted row with Video_ID: 9wmh28qrdhs
[2025-10-10T10:03:02.016+0000] {data_modification.py:37} INFO - Inserted row with Video_ID: cMkkZwjvdcI
[2025-10-10T10:03:02.018+0000] {data_modification.py:37} INFO - Inserted row with Video_ID: B5L-o19yz5k
[2025-10-10T10:03:02.021+0000] {data_modification.py:37} INFO - Inserted row with Video_ID: bYADUH0MZLQ
[2025-10-10T10:03:02.023+0000] {data_modification.py:37} INFO - Inserted row with Video_ID: CJ1Xbo0mTzE
[2025-10-10T10:03:02.025+0000] {data_modification.py:37} INFO - Inserted row with Video_ID: 76jZuN96-58
[2025-10-10T10:03:02.027+0000] {data_modification.py:37} INFO - Inserted row with Video_ID: NiOMz1iSVZ4
[2025-10-10T10:03:02.029+0000] {data_modification.py:37} INFO - Inserted row with Video_ID: 11hZiooOOYY
[2025-10-10T10:03:02.031+0000] {data_modification.py:37} INFO - Inserted row with Video_ID: X-6iVCW_0s0
[2025-10-10T10:03:02.034+0000] {data_modification.py:37} INFO - Inserted row with Video_ID: Yto_KGeK9mQ
[2025-10-10T10:03:02.036+0000] {data_modification.py:37} INFO - Inserted row with Video_ID: _Q2x0Ro-k9k
[2025-10-10T10:03:02.038+0000] {data_modification.py:37} INFO - Inserted row with Video_ID: yb0f6qzLXuU
[2025-10-10T10:03:02.040+0000] {data_modification.py:37} INFO - Inserted row with Video_ID: NJwyZxNqR3Q
[2025-10-10T10:03:02.042+0000] {data_modification.py:37} INFO - Inserted row with Video_ID: 0tfhJTDN_4k
[2025-10-10T10:03:02.044+0000] {data_modification.py:37} INFO - Inserted row with Video_ID: gL0K8tPtfPM
[2025-10-10T10:03:02.046+0000] {data_modification.py:37} INFO - Inserted row with Video_ID: S6LjKsNOXWU
[2025-10-10T10:03:02.048+0000] {data_modification.py:37} INFO - Inserted row with Video_ID: c1r_dVWSoQE
[2025-10-10T10:03:02.050+0000] {data_modification.py:37} INFO - Inserted row with Video_ID: J7Oa3clkmR4
[2025-10-10T10:03:02.053+0000] {data_modification.py:37} INFO - Inserted row with Video_ID: Q4WY_uMqdf8
[2025-10-10T10:03:02.055+0000] {data_modification.py:37} INFO - Inserted row with Video_ID: jUsCCxVsQNQ
[2025-10-10T10:03:02.057+0000] {data_modification.py:37} INFO - Inserted row with Video_ID: yklr1rDaI20
[2025-10-10T10:03:02.058+0000] {data_modification.py:37} INFO - Inserted row with Video_ID: 3SSEGEc3gJU
[2025-10-10T10:03:02.060+0000] {data_modification.py:37} INFO - Inserted row with Video_ID: _zDoF3S_27w
[2025-10-10T10:03:02.062+0000] {data_modification.py:37} INFO - Inserted row with Video_ID: 38nkOTR-7-0
[2025-10-10T10:03:02.064+0000] {data_modification.py:37} INFO - Inserted row with Video_ID: _B8JNvmT0jQ
[2025-10-10T10:03:02.066+0000] {data_modification.py:37} INFO - Inserted row with Video_ID: vol1U7csSJY
[2025-10-10T10:03:02.068+0000] {data_modification.py:37} INFO - Inserted row with Video_ID: _dD1qPzLYwA
[2025-10-10T10:03:02.070+0000] {data_modification.py:37} INFO - Inserted row with Video_ID: DaXqTFvzF7U
[2025-10-10T10:03:02.072+0000] {data_modification.py:37} INFO - Inserted row with Video_ID: wp035wuSylw
[2025-10-10T10:03:02.074+0000] {data_modification.py:37} INFO - Inserted row with Video_ID: bgoy5VuS9sQ
[2025-10-10T10:03:02.076+0000] {data_modification.py:37} INFO - Inserted row with Video_ID: 8kM3u70O5Aw
[2025-10-10T10:03:02.077+0000] {data_modification.py:37} INFO - Inserted row with Video_ID: DgzOkWPeb0A
[2025-10-10T10:03:02.079+0000] {data_modification.py:37} INFO - Inserted row with Video_ID: 9bw9VlNKUGs
[2025-10-10T10:03:02.081+0000] {data_modification.py:37} INFO - Inserted row with Video_ID: rcFO5Bi676Q
[2025-10-10T10:03:02.083+0000] {data_modification.py:37} INFO - Inserted row with Video_ID: WvVE1uQ-x7o
[2025-10-10T10:03:02.085+0000] {data_modification.py:37} INFO - Inserted row with Video_ID: Qaw5xvFaXj8
[2025-10-10T10:03:02.087+0000] {data_modification.py:37} INFO - Inserted row with Video_ID: iATqLBwJ0wk
[2025-10-10T10:03:02.089+0000] {data_modification.py:37} INFO - Inserted row with Video_ID: RaHRbKfoyWw
[2025-10-10T10:03:02.091+0000] {data_modification.py:37} INFO - Inserted row with Video_ID: OgsWnV0DYUo
[2025-10-10T10:03:02.093+0000] {data_modification.py:37} INFO - Inserted row with Video_ID: njoeO17d3jk
[2025-10-10T10:03:02.094+0000] {data_modification.py:37} INFO - Inserted row with Video_ID: ogGmhROPJdA
[2025-10-10T10:03:02.096+0000] {data_modification.py:37} INFO - Inserted row with Video_ID: G1XCH1QvqK4
[2025-10-10T10:03:02.098+0000] {data_modification.py:37} INFO - Inserted row with Video_ID: OK8mWwptWdw
[2025-10-10T10:03:02.100+0000] {data_modification.py:37} INFO - Inserted row with Video_ID: YqLxRbTLSdA
[2025-10-10T10:03:02.102+0000] {data_modification.py:37} INFO - Inserted row with Video_ID: WudZnQE3n78
[2025-10-10T10:03:02.104+0000] {data_modification.py:37} INFO - Inserted row with Video_ID: Bqk4L-EzwiM
[2025-10-10T10:03:02.106+0000] {data_modification.py:37} INFO - Inserted row with Video_ID: QIFwx-i0ErM
[2025-10-10T10:03:02.108+0000] {data_modification.py:37} INFO - Inserted row with Video_ID: Dcq9HtT1RG4
[2025-10-10T10:03:02.110+0000] {data_modification.py:37} INFO - Inserted row with Video_ID: 6I2z-0UcsmE
[2025-10-10T10:03:02.111+0000] {data_modification.py:37} INFO - Inserted row with Video_ID: aG-fifySkgE
[2025-10-10T10:03:02.113+0000] {data_modification.py:37} INFO - Inserted row with Video_ID: _g9xmc6rUw0
[2025-10-10T10:03:02.115+0000] {data_modification.py:37} INFO - Inserted row with Video_ID: beCcEsry8xY
[2025-10-10T10:03:02.117+0000] {data_modification.py:37} INFO - Inserted row with Video_ID: Npe1Zkfcq4g
[2025-10-10T10:03:02.120+0000] {data_modification.py:37} INFO - Inserted row with Video_ID: j6Wgb_yQvOo
[2025-10-10T10:03:02.122+0000] {data_modification.py:37} INFO - Inserted row with Video_ID: AbCid4v6WFs
[2025-10-10T10:03:02.124+0000] {data_modification.py:37} INFO - Inserted row with Video_ID: KVuxvDVm6O8
[2025-10-10T10:03:02.126+0000] {data_modification.py:37} INFO - Inserted row with Video_ID: YZt9mc-DE-4
[2025-10-10T10:03:02.128+0000] {data_modification.py:37} INFO - Inserted row with Video_ID: h_kUOZpwi0k
[2025-10-10T10:03:02.129+0000] {data_modification.py:37} INFO - Inserted row with Video_ID: xHE-RP4sYBA
[2025-10-10T10:03:02.131+0000] {data_modification.py:37} INFO - Inserted row with Video_ID: 02t0voSgPGM
[2025-10-10T10:03:02.133+0000] {data_modification.py:37} INFO - Inserted row with Video_ID: V-nN7dXtcn0
[2025-10-10T10:03:02.136+0000] {data_modification.py:37} INFO - Inserted row with Video_ID: BYRetO8ZLv4
[2025-10-10T10:03:02.137+0000] {data_modification.py:37} INFO - Inserted row with Video_ID: u__5scIkAaU
[2025-10-10T10:03:02.139+0000] {data_modification.py:37} INFO - Inserted row with Video_ID: mhVGGcq_Bao
[2025-10-10T10:03:02.141+0000] {data_modification.py:37} INFO - Inserted row with Video_ID: 60YR-WCjHn8
[2025-10-10T10:03:02.143+0000] {data_modification.py:37} INFO - Inserted row with Video_ID: YjEWswCILeI
[2025-10-10T10:03:02.145+0000] {data_modification.py:37} INFO - Inserted row with Video_ID: XJaU6gWBLYw
[2025-10-10T10:03:02.147+0000] {data_modification.py:37} INFO - Inserted row with Video_ID: 4_ozTtvv7h0
[2025-10-10T10:03:02.148+0000] {data_modification.py:37} INFO - Inserted row with Video_ID: BHXCkM_sGo8
[2025-10-10T10:03:02.151+0000] {data_modification.py:37} INFO - Inserted row with Video_ID: y6nZWvAz5mI
[2025-10-10T10:03:02.155+0000] {data_modification.py:37} INFO - Inserted row with Video_ID: REpR9y-6a6I
[2025-10-10T10:03:02.158+0000] {data_modification.py:37} INFO - Inserted row with Video_ID: QuVoh2tWmAM
[2025-10-10T10:03:02.160+0000] {data_modification.py:37} INFO - Inserted row with Video_ID: XNvHUAgvmnQ
[2025-10-10T10:03:02.163+0000] {data_modification.py:37} INFO - Inserted row with Video_ID: 8lhKyrriiyw
[2025-10-10T10:03:02.166+0000] {data_modification.py:37} INFO - Inserted row with Video_ID: dPrOlhTSRkQ
[2025-10-10T10:03:02.171+0000] {data_modification.py:37} INFO - Inserted row with Video_ID: OQQP70-96ik
[2025-10-10T10:03:02.187+0000] {data_modification.py:37} INFO - Inserted row with Video_ID: 3mYnzyANsGU
[2025-10-10T10:03:02.200+0000] {data_modification.py:37} INFO - Inserted row with Video_ID: VejuOrJ2LxY
[2025-10-10T10:03:02.238+0000] {data_modification.py:37} INFO - Inserted row with Video_ID: xcCkWdL9tbs
[2025-10-10T10:03:02.255+0000] {data_modification.py:37} INFO - Inserted row with Video_ID: SNO5eV4FIsI
[2025-10-10T10:03:02.269+0000] {data_modification.py:37} INFO - Inserted row with Video_ID: SJlDOOumqm4
[2025-10-10T10:03:02.277+0000] {data_modification.py:37} INFO - Inserted row with Video_ID: G4Ve59w8S_Q
[2025-10-10T10:03:02.286+0000] {data_modification.py:37} INFO - Inserted row with Video_ID: XRewjX2l90U
[2025-10-10T10:03:02.297+0000] {data_modification.py:37} INFO - Inserted row with Video_ID: p1J6sbqEUUQ
[2025-10-10T10:03:02.309+0000] {data_modification.py:37} INFO - Inserted row with Video_ID: f3T5mRfq0pA
[2025-10-10T10:03:02.315+0000] {data_modification.py:37} INFO - Inserted row with Video_ID: q44q4cl9Ncc
[2025-10-10T10:03:02.322+0000] {data_modification.py:37} INFO - Inserted row with Video_ID: 9xXZheVahbQ
[2025-10-10T10:03:02.331+0000] {data_modification.py:37} INFO - Inserted row with Video_ID: acAZyS9zvHw
[2025-10-10T10:03:02.340+0000] {data_modification.py:37} INFO - Inserted row with Video_ID: IaE04yqN-JM
[2025-10-10T10:03:02.348+0000] {data_modification.py:37} INFO - Inserted row with Video_ID: gGEE5xCN98A
[2025-10-10T10:03:02.359+0000] {data_modification.py:37} INFO - Inserted row with Video_ID: _qR11kIiTA8
[2025-10-10T10:03:02.371+0000] {data_modification.py:37} INFO - Inserted row with Video_ID: zb3bV0R-ppo
[2025-10-10T10:03:02.380+0000] {data_modification.py:37} INFO - Inserted row with Video_ID: 1zg4i5X0oh0
[2025-10-10T10:03:02.389+0000] {data_modification.py:37} INFO - Inserted row with Video_ID: ERw16AQDuXo
[2025-10-10T10:03:02.407+0000] {data_modification.py:37} INFO - Inserted row with Video_ID: uJk8EXgahGI
[2025-10-10T10:03:02.414+0000] {data_modification.py:37} INFO - Inserted row with Video_ID: 834N30jsOs0
[2025-10-10T10:03:02.427+0000] {data_modification.py:37} INFO - Inserted row with Video_ID: Rp2K2qzqkVw
[2025-10-10T10:03:02.444+0000] {data_modification.py:37} INFO - Inserted row with Video_ID: RBv3MNekwcc
[2025-10-10T10:03:02.455+0000] {data_modification.py:37} INFO - Inserted row with Video_ID: dQJq7muPpV4
[2025-10-10T10:03:02.463+0000] {data_modification.py:37} INFO - Inserted row with Video_ID: U8M9pipXF6k
[2025-10-10T10:03:02.468+0000] {dwh.py:56} INFO - staging table update completed
[2025-10-10T10:03:02.476+0000] {python.py:237} INFO - Done. Returned value was: None
[2025-10-10T10:03:02.482+0000] {taskinstance.py:441} INFO - ::group::Post task execution logs
[2025-10-10T10:03:02.503+0000] {taskinstance.py:1206} INFO - Marking task as SUCCESS. dag_id=update_db, task_id=staging_table, run_id=manual__2025-10-10T10:03:00.595374+00:00, execution_date=20251010T100300, start_date=20251010T100301, end_date=20251010T100302
[2025-10-10T10:03:02.600+0000] {local_task_job_runner.py:240} INFO - Task exited with return code 0
[2025-10-10T10:03:02.677+0000] {taskinstance.py:3503} INFO - 1 downstream tasks scheduled from follow-on schedule check
[2025-10-10T10:03:02.690+0000] {local_task_job_runner.py:222} INFO - ::endgroup::
